2024-07-18 17:47:10 - __main__ - INFO - Starting application
2024-07-18 17:47:10 - __main__ - INFO - Starting application
2024-07-18 17:47:10 - __main__ - INFO - Starting application
2024-07-18 17:47:10 - __main__ - INFO - Starting application
2024-07-18 17:47:10 - __main__ - INFO - Loaded CSS
2024-07-18 17:47:10 - __main__ - INFO - Selected disease model: Select a model
2024-07-18 17:47:10 - __main__ - INFO - Application shutdown
2024-07-18 17:47:10 - __main__ - INFO - Loaded CSS
2024-07-18 17:47:10 - __main__ - INFO - Loaded CSS
2024-07-18 17:47:10 - __main__ - INFO - Selected disease model: Select a model
2024-07-18 17:47:10 - __main__ - INFO - Selected disease model: Select a model
2024-07-18 17:47:10 - __main__ - INFO - Application shutdown
2024-07-18 17:47:10 - __main__ - INFO - Application shutdown
2024-07-18 17:47:11 - __main__ - INFO - Loaded CSS
2024-07-18 17:47:11 - __main__ - INFO - Selected disease model: Select a model
2024-07-18 17:47:11 - __main__ - INFO - Application shutdown
2024-07-18 19:36:08 - __main__ - INFO - Starting application
2024-07-18 19:36:08 - __main__ - INFO - Selected disease model: Select a model
2024-07-18 19:36:08 - __main__ - INFO - Application shutdown
2024-07-18 19:36:10 - __main__ - INFO - Starting application
2024-07-18 19:36:10 - __main__ - INFO - Selected disease model: Select a model
2024-07-18 19:36:10 - __main__ - INFO - Application shutdown
2024-07-18 19:36:13 - __main__ - INFO - Starting application
2024-07-18 19:36:13 - __main__ - INFO - Selected disease model: Select a model
2024-07-18 19:36:13 - __main__ - INFO - Application shutdown
2024-07-18 19:36:13 - __main__ - INFO - Starting application
2024-07-18 19:36:13 - __main__ - INFO - Selected disease model: Select a model
2024-07-18 19:36:14 - __main__ - INFO - Application shutdown
2024-07-18 19:36:18 - __main__ - INFO - Starting application
2024-07-18 19:36:18 - __main__ - INFO - Selected disease model: Select a model
2024-07-18 19:36:18 - __main__ - INFO - Application shutdown
2024-07-18 19:36:19 - __main__ - INFO - Starting application
2024-07-18 19:36:19 - __main__ - INFO - Selected disease model: Select a model
2024-07-18 19:36:19 - __main__ - INFO - Application shutdown
2024-07-18 19:36:20 - __main__ - INFO - Starting application
2024-07-18 19:36:20 - __main__ - INFO - Selected disease model: Select a model
2024-07-18 19:36:20 - __main__ - INFO - Application shutdown
2024-07-18 19:36:22 - __main__ - INFO - Starting application
2024-07-18 19:36:22 - __main__ - INFO - Selected disease model: Select a model
2024-07-18 19:36:24 - __main__ - INFO - Application shutdown
2024-07-25 10:49:33 - __main__ - INFO - Starting application
2024-07-25 10:49:33 - __main__ - INFO - Selected disease model: Select a model
2024-07-25 10:49:33 - __main__ - INFO - Application shutdown
2024-07-25 10:49:37 - __main__ - INFO - Starting application
2024-07-25 10:49:37 - __main__ - INFO - Selected disease model: Heart Failure
2024-07-25 10:49:37 - __main__ - INFO - Application shutdown
2024-07-25 10:49:39 - __main__ - INFO - Starting application
2024-07-25 10:49:39 - __main__ - INFO - Selected disease model: Heart Failure
2024-07-25 10:49:43 - __main__ - INFO - Application shutdown
2024-07-25 10:49:47 - __main__ - INFO - Starting application
2024-07-25 10:49:47 - __main__ - INFO - Selected disease model: Brain Stroke
2024-07-25 10:49:47 - __main__ - INFO - Application shutdown
2024-07-25 10:49:49 - __main__ - INFO - Starting application
2024-07-25 10:49:49 - __main__ - INFO - Selected disease model: Brain Stroke
2024-07-25 10:49:49 - __main__ - INFO - Application shutdown
2024-07-25 10:49:53 - __main__ - INFO - Starting application
2024-07-25 10:49:53 - __main__ - INFO - Selected disease model: Diabetes
2024-07-25 10:49:53 - __main__ - INFO - Application shutdown
2024-07-25 10:49:54 - __main__ - INFO - Starting application
2024-07-25 10:49:54 - __main__ - INFO - Selected disease model: Diabetes
2024-07-25 10:49:54 - __main__ - INFO - Application shutdown
2024-07-25 10:49:59 - __main__ - INFO - Starting application
2024-07-25 10:49:59 - __main__ - INFO - Selected disease model: Kidney Disease
2024-07-25 10:49:59 - __main__ - INFO - Application shutdown
2024-07-25 10:50:01 - __main__ - INFO - Starting application
2024-07-25 10:50:01 - __main__ - INFO - Selected disease model: Kidney Disease
2024-07-25 10:50:02 - __main__ - INFO - Application shutdown
2024-07-25 10:50:06 - __main__ - INFO - Starting application
2024-07-25 10:50:06 - __main__ - INFO - Selected disease model: Lung Cancer
2024-07-25 10:50:06 - __main__ - INFO - Application shutdown
2024-07-25 10:50:09 - __main__ - INFO - Starting application
2024-07-25 10:50:09 - __main__ - INFO - Selected disease model: Brain Tumor
2024-07-25 10:50:09 - __main__ - INFO - Application shutdown
2024-07-25 10:50:13 - __main__ - INFO - Starting application
2024-07-25 10:50:13 - __main__ - INFO - Selected disease model: Select a model
2024-07-25 10:50:13 - __main__ - INFO - Application shutdown
2024-07-25 10:50:15 - __main__ - INFO - Starting application
2024-07-25 10:50:15 - __main__ - INFO - Selected disease model: Select a model
2024-07-25 10:50:15 - __main__ - INFO - Application shutdown
2024-07-25 10:50:18 - __main__ - INFO - Starting application
2024-07-25 10:50:18 - __main__ - INFO - Selected disease model: Select a model
2024-07-25 10:50:18 - __main__ - INFO - Application shutdown
2024-07-25 10:50:18 - __main__ - INFO - Starting application
2024-07-25 10:50:18 - __main__ - INFO - Selected disease model: Select a model
2024-07-25 10:50:25 - __main__ - INFO - Starting application
2024-07-25 10:50:25 - __main__ - INFO - Selected disease model: Select a model
2024-07-25 10:50:29 - __main__ - INFO - Application shutdown
2024-07-25 10:50:50 - __main__ - INFO - Starting application
2024-07-25 10:50:50 - __main__ - INFO - Selected disease model: Select a model
2024-07-25 10:50:50 - __main__ - INFO - Application shutdown
2024-07-25 10:50:52 - __main__ - INFO - Starting application
2024-07-25 10:50:52 - __main__ - INFO - Selected disease model: Select a model
2024-07-25 10:50:52 - __main__ - INFO - Application shutdown
2024-07-25 10:50:55 - __main__ - INFO - Starting application
2024-07-25 10:50:55 - __main__ - INFO - Selected disease model: Select a model
2024-07-25 10:50:55 - __main__ - INFO - Application shutdown
2024-07-25 10:51:26 - __main__ - INFO - Starting application
2024-07-25 10:51:26 - __main__ - INFO - Selected disease model: Select a model
2024-07-25 10:51:26 - __main__ - INFO - Application shutdown
2024-07-25 10:51:27 - __main__ - INFO - Starting application
2024-07-25 10:51:27 - __main__ - INFO - Selected disease model: Select a model
2024-07-25 10:51:27 - __main__ - INFO - Application shutdown
2024-07-25 10:51:49 - __main__ - INFO - Starting application
2024-07-25 10:51:49 - __main__ - INFO - Selected disease model: Select a model
2024-07-25 10:51:49 - __main__ - INFO - Application shutdown
2024-07-25 10:51:53 - __main__ - INFO - Starting application
2024-07-25 10:51:53 - __main__ - INFO - Selected disease model: Select a model
2024-07-25 10:51:53 - __main__ - INFO - Application shutdown
2024-07-25 15:02:29 - __main__ - INFO - Starting application
2024-07-25 15:02:29 - __main__ - INFO - Selected disease model: Select a model
2024-07-25 15:02:29 - __main__ - INFO - Application shutdown
2024-07-25 18:15:08 - __main__ - INFO - Starting application
2024-07-25 18:15:08 - __main__ - INFO - Selected disease model: Select a model
2024-07-25 18:15:08 - __main__ - INFO - Application shutdown
2024-07-25 18:49:03 - __main__ - INFO - Starting application
2024-07-25 18:49:03 - __main__ - INFO - Selected disease model: Select a model
2024-07-25 18:49:03 - __main__ - INFO - Application shutdown
2024-07-26 11:56:46 - __main__ - INFO - Starting application
2024-07-26 11:56:47 - __main__ - INFO - Selected disease model: Select a model
2024-07-26 11:56:47 - __main__ - INFO - Application shutdown
2024-07-26 11:56:50 - __main__ - INFO - Starting application
2024-07-26 11:56:50 - __main__ - INFO - Selected disease model: Select a model
2024-07-26 11:56:50 - __main__ - INFO - Application shutdown
2024-07-26 11:56:53 - __main__ - INFO - Starting application
2024-07-26 11:56:53 - __main__ - INFO - Selected disease model: Select a model
2024-07-26 11:56:53 - __main__ - INFO - Application shutdown
2024-07-26 11:56:55 - __main__ - INFO - Starting application
2024-07-26 11:56:55 - __main__ - INFO - Selected disease model: Select a model
2024-07-26 11:56:55 - __main__ - INFO - Application shutdown
2024-07-26 11:57:03 - __main__ - INFO - Starting application
2024-07-26 11:57:03 - __main__ - INFO - Selected disease model: Select a model
2024-07-26 11:57:03 - __main__ - INFO - Application shutdown
2024-07-26 11:57:03 - __main__ - INFO - Starting application
2024-07-26 11:57:03 - __main__ - INFO - Selected disease model: Select a model
2024-07-26 11:57:32 - __main__ - INFO - Starting application
2024-07-26 11:57:32 - __main__ - INFO - Selected disease model: Select a model
2024-07-26 11:57:33 - __main__ - INFO - Application shutdown
2024-07-26 11:57:51 - __main__ - INFO - Starting application
2024-07-26 11:57:51 - __main__ - INFO - Selected disease model: Heart Failure
2024-07-26 11:57:51 - __main__ - INFO - Application shutdown
2024-07-26 11:57:53 - __main__ - INFO - Starting application
2024-07-26 11:57:53 - __main__ - INFO - Selected disease model: Heart Failure
2024-07-26 11:57:54 - __main__ - INFO - Application shutdown
2024-07-26 11:57:57 - __main__ - INFO - Starting application
2024-07-26 11:57:57 - __main__ - INFO - Selected disease model: Heart Failure
2024-07-26 11:57:57 - __main__ - INFO - Application shutdown
2024-07-26 11:57:59 - __main__ - INFO - Starting application
2024-07-26 11:57:59 - __main__ - INFO - Selected disease model: Diabetes
2024-07-26 11:57:59 - __main__ - INFO - Application shutdown
2024-07-26 11:58:01 - __main__ - INFO - Starting application
2024-07-26 11:58:01 - __main__ - INFO - Selected disease model: Diabetes
2024-07-26 11:58:01 - __main__ - INFO - Application shutdown
2024-07-26 11:58:04 - __main__ - INFO - Starting application
2024-07-26 11:58:04 - __main__ - INFO - Selected disease model: Lung Cancer
2024-07-26 11:58:04 - __main__ - INFO - Application shutdown
2024-07-26 11:58:16 - __main__ - INFO - Starting application
2024-07-26 11:58:16 - __main__ - INFO - Selected disease model: Lung Cancer
2024-07-26 11:58:16 - __main__ - INFO - Application shutdown
2024-07-26 11:58:19 - __main__ - INFO - Starting application
2024-07-26 11:58:19 - __main__ - INFO - Selected disease model: Lung Cancer
2024-07-26 11:58:24 - __main__ - INFO - Starting application
2024-07-26 11:58:24 - __main__ - INFO - Selected disease model: Lung Cancer
2024-07-26 11:58:37 - __main__ - INFO - Application shutdown
2024-07-26 11:58:43 - __main__ - INFO - Starting application
2024-07-26 11:58:43 - __main__ - INFO - Selected disease model: Brain Tumor
2024-07-26 11:58:43 - __main__ - INFO - Application shutdown
2024-07-26 11:58:46 - __main__ - INFO - Starting application
2024-07-26 11:58:46 - __main__ - INFO - Selected disease model: Brain Tumor
2024-07-26 11:58:46 - __main__ - INFO - Application shutdown
2024-07-26 11:58:57 - __main__ - INFO - Starting application
2024-07-26 11:58:57 - __main__ - INFO - Selected disease model: Brain Tumor
2024-07-26 11:58:57 - __main__ - INFO - Application shutdown
2024-07-26 11:59:00 - __main__ - INFO - Starting application
2024-07-26 11:59:00 - __main__ - INFO - Selected disease model: Brain Tumor
2024-07-26 11:59:00 - __main__ - INFO - Application shutdown
2024-07-26 14:47:49 - __main__ - INFO - Starting application
2024-07-26 14:47:50 - __main__ - INFO - Selected disease model: Select a model
2024-07-26 14:47:50 - __main__ - INFO - Application shutdown
2024-07-26 14:47:58 - __main__ - INFO - Starting application
2024-07-26 14:47:58 - __main__ - INFO - Selected disease model: Select a model
2024-07-26 14:47:58 - __main__ - INFO - Application shutdown
2024-07-26 14:48:02 - __main__ - INFO - Starting application
2024-07-26 14:48:02 - __main__ - INFO - Selected disease model: Select a model
2024-07-26 14:48:02 - __main__ - INFO - Application shutdown
2024-07-26 14:48:03 - __main__ - INFO - Starting application
2024-07-26 14:48:03 - __main__ - INFO - Selected disease model: Select a model
2024-07-26 14:48:09 - __main__ - INFO - Application shutdown
2024-07-26 14:48:15 - __main__ - INFO - Starting application
2024-07-26 14:48:15 - __main__ - INFO - Selected disease model: Select a model
2024-07-26 14:48:15 - __main__ - INFO - Application shutdown
2024-07-26 14:48:17 - __main__ - INFO - Starting application
2024-07-26 14:48:17 - __main__ - INFO - Selected disease model: Select a model
2024-07-26 14:48:17 - __main__ - INFO - Application shutdown
2024-07-26 14:48:18 - __main__ - INFO - Starting application
2024-07-26 14:48:18 - __main__ - INFO - Selected disease model: Select a model
2024-07-26 14:48:26 - __main__ - INFO - Application shutdown
2024-07-26 14:48:31 - __main__ - INFO - Starting application
2024-07-26 14:48:31 - __main__ - INFO - Selected disease model: Heart Failure
2024-07-26 14:48:31 - __main__ - INFO - Application shutdown
2024-07-26 14:48:33 - __main__ - INFO - Starting application
2024-07-26 14:48:33 - __main__ - INFO - Selected disease model: Heart Failure
2024-07-26 14:48:33 - __main__ - INFO - Application shutdown
2024-07-26 14:48:37 - __main__ - INFO - Starting application
2024-07-26 14:48:37 - __main__ - INFO - Selected disease model: Diabetes
2024-07-26 14:48:37 - __main__ - INFO - Application shutdown
2024-07-26 14:48:38 - __main__ - INFO - Starting application
2024-07-26 14:48:38 - __main__ - INFO - Selected disease model: Diabetes
2024-07-26 14:48:38 - __main__ - INFO - Application shutdown
2024-07-26 14:48:41 - __main__ - INFO - Starting application
2024-07-26 14:48:41 - __main__ - INFO - Selected disease model: Brain Stroke
2024-07-26 14:48:41 - __main__ - INFO - Application shutdown
2024-07-26 14:48:43 - __main__ - INFO - Starting application
2024-07-26 14:48:43 - __main__ - INFO - Selected disease model: Brain Stroke
2024-07-26 14:48:44 - __main__ - INFO - Application shutdown
2024-07-26 14:48:48 - __main__ - INFO - Starting application
2024-07-26 14:48:48 - __main__ - INFO - Selected disease model: Kidney Disease
2024-07-26 14:48:48 - __main__ - INFO - Application shutdown
2024-07-26 14:48:49 - __main__ - INFO - Starting application
2024-07-26 14:48:49 - __main__ - INFO - Selected disease model: Kidney Disease
2024-07-26 14:48:49 - __main__ - INFO - Application shutdown
2024-07-26 14:48:52 - __main__ - INFO - Starting application
2024-07-26 14:48:52 - __main__ - INFO - Selected disease model: Lung Cancer
2024-07-26 14:48:52 - __main__ - INFO - Application shutdown
2024-07-26 14:49:06 - __main__ - INFO - Starting application
2024-07-26 14:49:06 - __main__ - INFO - Selected disease model: Lung Cancer
2024-07-26 14:49:06 - __main__ - INFO - Application shutdown
2024-07-26 14:49:08 - __main__ - INFO - Starting application
2024-07-26 14:49:08 - __main__ - INFO - Selected disease model: Lung Cancer
2024-07-26 14:49:09 - __main__ - INFO - Application shutdown
2024-07-26 14:49:16 - __main__ - INFO - Starting application
2024-07-26 14:49:16 - __main__ - INFO - Selected disease model: Lung Cancer
2024-07-26 14:49:16 - __main__ - INFO - Application shutdown
2024-07-26 14:49:19 - __main__ - INFO - Starting application
2024-07-26 14:49:19 - __main__ - INFO - Selected disease model: Brain Tumor
2024-07-26 14:49:19 - __main__ - INFO - Application shutdown
2024-07-26 14:49:32 - __main__ - INFO - Starting application
2024-07-26 14:49:32 - __main__ - INFO - Selected disease model: Brain Tumor
2024-07-26 14:49:32 - __main__ - INFO - Application shutdown
2024-07-26 14:49:34 - __main__ - INFO - Starting application
2024-07-26 14:49:34 - __main__ - INFO - Selected disease model: Brain Tumor
2024-07-26 14:49:34 - __main__ - INFO - Application shutdown
2024-07-29 14:48:04 - __main__ - INFO - Starting application
2024-07-29 14:48:04 - __main__ - INFO - Selected disease model: Select a model
2024-07-29 14:48:04 - __main__ - INFO - Application shutdown
2024-07-29 14:48:34 - __main__ - INFO - Starting application
2024-07-29 14:48:34 - __main__ - INFO - Selected disease model: Select a model
2024-07-29 14:48:34 - __main__ - INFO - Application shutdown
2024-07-29 14:48:43 - __main__ - INFO - Starting application
2024-07-29 14:48:43 - __main__ - INFO - Selected disease model: Select a model
2024-07-29 14:48:43 - __main__ - INFO - Application shutdown
2024-07-29 14:48:47 - __main__ - INFO - Starting application
2024-07-29 14:48:47 - __main__ - INFO - Selected disease model: Select a model
2024-07-29 14:49:01 - __main__ - INFO - Starting application
2024-07-29 14:49:01 - __main__ - INFO - Selected disease model: Select a model
2024-07-29 14:49:09 - __main__ - INFO - Application shutdown
2024-07-29 14:49:34 - __main__ - INFO - Starting application
2024-07-29 14:49:34 - __main__ - INFO - Selected disease model: Select a model
2024-07-29 14:49:35 - __main__ - INFO - Application shutdown
2024-07-29 14:49:35 - __main__ - INFO - Starting application
2024-07-29 14:49:35 - __main__ - INFO - Selected disease model: Select a model
2024-07-29 14:49:35 - __main__ - INFO - Application shutdown
2024-07-29 14:49:41 - __main__ - INFO - Starting application
2024-07-29 14:49:41 - __main__ - INFO - Selected disease model: Select a model
2024-07-29 14:49:41 - __main__ - INFO - Application shutdown
2024-07-29 14:49:50 - __main__ - INFO - Starting application
2024-07-29 14:49:50 - __main__ - INFO - Selected disease model: Select a model
2024-07-29 14:49:50 - __main__ - INFO - Application shutdown
2024-07-29 14:50:28 - __main__ - INFO - Starting application
2024-07-29 14:50:28 - __main__ - INFO - Selected disease model: Select a model
2024-07-29 14:50:28 - __main__ - INFO - Application shutdown
2024-07-29 14:56:17 - __main__ - INFO - Starting application
2024-07-29 14:56:17 - __main__ - INFO - Selected disease model: Heart Failure
2024-07-29 14:56:17 - __main__ - INFO - Application shutdown
2024-07-29 14:57:58 - __main__ - INFO - Starting application
2024-07-29 14:57:58 - __main__ - INFO - Selected disease model: Lung Cancer
2024-07-29 14:57:58 - __main__ - INFO - Application shutdown
2024-07-29 14:58:14 - __main__ - INFO - Starting application
2024-07-29 14:58:14 - __main__ - INFO - Selected disease model: Lung Cancer
2024-07-29 14:58:14 - __main__ - INFO - Application shutdown
2024-07-29 14:58:18 - __main__ - INFO - Starting application
2024-07-29 14:58:18 - __main__ - INFO - Selected disease model: Lung Cancer
2024-07-29 14:58:20 - __main__ - INFO - Application shutdown
2024-07-29 14:58:35 - __main__ - INFO - Starting application
2024-07-29 14:58:35 - __main__ - INFO - Selected disease model: Heart Failure
2024-07-29 14:58:35 - __main__ - INFO - Application shutdown
2024-07-29 14:58:51 - __main__ - INFO - Starting application
2024-07-29 14:58:51 - __main__ - INFO - Selected disease model: Heart Failure
2024-07-29 14:58:51 - __main__ - INFO - Application shutdown
2024-07-29 15:04:34 - __main__ - INFO - Starting application
2024-07-29 15:04:34 - __main__ - INFO - Selected disease model: Lung Cancer
2024-07-29 15:04:34 - __main__ - INFO - Application shutdown
2024-07-29 15:04:41 - __main__ - INFO - Starting application
2024-07-29 15:04:41 - __main__ - INFO - Selected disease model: Lung Cancer
2024-07-29 15:04:41 - __main__ - INFO - Application shutdown
2024-07-29 15:04:45 - __main__ - INFO - Starting application
2024-07-29 15:04:45 - __main__ - INFO - Selected disease model: Lung Cancer
2024-07-29 15:04:46 - __main__ - INFO - Application shutdown
2024-07-29 15:05:34 - __main__ - INFO - Starting application
2024-07-29 15:05:34 - __main__ - INFO - Selected disease model: Select a model
2024-07-29 15:05:34 - __main__ - INFO - Application shutdown
2024-07-29 15:05:36 - __main__ - INFO - Starting application
2024-07-29 15:05:36 - __main__ - INFO - Selected disease model: Select a model
2024-07-29 15:05:36 - __main__ - INFO - Application shutdown
2024-07-29 15:06:20 - __main__ - INFO - Starting application
2024-07-29 15:06:20 - __main__ - INFO - Selected disease model: Diabetes
2024-07-29 15:06:20 - __main__ - INFO - Application shutdown
2024-07-29 15:07:01 - __main__ - INFO - Starting application
2024-07-29 15:07:01 - __main__ - INFO - Selected disease model: Select a model
2024-07-29 15:07:01 - __main__ - INFO - Application shutdown
2024-07-29 15:07:26 - __main__ - INFO - Starting application
2024-07-29 15:07:26 - __main__ - INFO - Selected disease model: Select a model
2024-07-29 15:07:26 - __main__ - INFO - Application shutdown
2024-07-29 15:07:26 - __main__ - INFO - Starting application
2024-07-29 15:07:26 - __main__ - INFO - Selected disease model: Select a model
2024-07-29 15:07:28 - __main__ - INFO - Application shutdown
2024-07-29 15:08:15 - __main__ - INFO - Starting application
2024-07-29 15:08:15 - __main__ - INFO - Selected disease model: Select a model
2024-07-29 15:08:15 - __main__ - INFO - Application shutdown
2024-07-29 15:08:15 - __main__ - INFO - Starting application
2024-07-29 15:08:15 - __main__ - INFO - Selected disease model: Select a model
2024-07-29 15:08:15 - __main__ - INFO - Application shutdown
2024-07-29 15:08:16 - __main__ - INFO - Starting application
2024-07-29 15:08:16 - __main__ - INFO - Selected disease model: Select a model
2024-07-29 15:08:16 - __main__ - INFO - Application shutdown
2024-07-29 15:08:39 - __main__ - INFO - Starting application
2024-07-29 15:08:39 - __main__ - INFO - Selected disease model: Select a model
2024-07-29 15:08:39 - __main__ - INFO - Application shutdown
2024-07-29 15:08:40 - __main__ - INFO - Starting application
2024-07-29 15:08:40 - __main__ - INFO - Selected disease model: Select a model
2024-07-29 15:08:40 - __main__ - INFO - Application shutdown
2024-07-29 15:09:16 - __main__ - INFO - Starting application
2024-07-29 15:09:16 - __main__ - INFO - Selected disease model: Select a model
2024-07-29 15:09:16 - __main__ - INFO - Application shutdown
2024-07-29 15:09:17 - __main__ - INFO - Starting application
2024-07-29 15:09:17 - __main__ - INFO - Selected disease model: Select a model
2024-07-29 15:09:17 - __main__ - INFO - Application shutdown
2024-07-29 15:09:28 - __main__ - INFO - Starting application
2024-07-29 15:09:28 - __main__ - INFO - Selected disease model: Select a model
2024-07-29 15:09:28 - __main__ - INFO - Application shutdown
2024-07-29 15:09:57 - __main__ - INFO - Starting application
2024-07-29 15:09:57 - __main__ - INFO - Selected disease model: Select a model
2024-07-29 15:09:57 - __main__ - INFO - Application shutdown
2024-07-29 21:37:20 - __main__ - INFO - Starting application
2024-07-29 21:37:20 - __main__ - INFO - Selected disease model: Select a model
2024-07-29 21:37:20 - __main__ - INFO - Application shutdown
2024-07-29 21:37:21 - __main__ - INFO - Starting application
2024-07-29 21:37:21 - __main__ - INFO - Selected disease model: Select a model
2024-07-29 21:37:21 - __main__ - INFO - Application shutdown
2024-07-30 08:44:51 - __main__ - INFO - Starting application
2024-07-30 08:44:51 - __main__ - INFO - Selected disease model: Select a model
2024-07-30 08:44:51 - __main__ - INFO - Starting application
2024-07-30 08:44:51 - __main__ - INFO - Application shutdown
2024-07-30 08:44:51 - __main__ - INFO - Selected disease model: Select a model
2024-07-30 08:44:51 - __main__ - INFO - Application shutdown
2024-08-01 14:47:42 - __main__ - INFO - Starting application
2024-08-01 14:47:42 - __main__ - INFO - Selected disease model: Select a model
2024-08-01 14:47:42 - __main__ - INFO - Application shutdown
2024-08-01 14:48:56 - __main__ - INFO - Starting application
2024-08-01 14:48:56 - __main__ - INFO - Selected disease model: Select a model
2024-08-01 14:48:56 - __main__ - INFO - Application shutdown
2024-08-01 14:49:03 - __main__ - INFO - Starting application
2024-08-01 14:49:03 - __main__ - INFO - Selected disease model: Select a model
2024-08-01 14:49:03 - __main__ - INFO - Application shutdown
2024-08-01 14:49:16 - __main__ - INFO - Starting application
2024-08-01 14:49:16 - __main__ - INFO - Selected disease model: Select a model
2024-08-01 14:49:16 - __main__ - INFO - Application shutdown
2024-08-01 14:49:21 - __main__ - INFO - Starting application
2024-08-01 14:49:21 - __main__ - INFO - Selected disease model: Select a model
2024-08-01 14:49:21 - __main__ - INFO - Application shutdown
2024-08-01 14:49:31 - __main__ - INFO - Starting application
2024-08-01 14:49:31 - __main__ - INFO - Selected disease model: Select a model
2024-08-01 14:49:31 - __main__ - INFO - Application shutdown
2024-08-01 14:49:31 - __main__ - INFO - Starting application
2024-08-01 14:49:31 - __main__ - INFO - Selected disease model: Select a model
2024-08-01 14:49:43 - __main__ - INFO - Starting application
2024-08-01 14:49:43 - __main__ - INFO - Selected disease model: Select a model
2024-08-01 14:49:45 - __main__ - INFO - Application shutdown
2024-08-01 14:49:55 - __main__ - INFO - Starting application
2024-08-01 14:49:55 - __main__ - INFO - Selected disease model: Select a model
2024-08-01 14:49:55 - __main__ - INFO - Application shutdown
2024-08-01 14:49:56 - __main__ - INFO - Starting application
2024-08-01 14:49:56 - __main__ - INFO - Selected disease model: Select a model
2024-08-01 14:49:56 - __main__ - INFO - Application shutdown
2024-08-01 14:49:57 - __main__ - INFO - Starting application
2024-08-01 14:49:57 - __main__ - INFO - Selected disease model: Select a model
2024-08-01 14:49:57 - __main__ - INFO - Application shutdown
2024-08-01 14:49:58 - __main__ - INFO - Starting application
2024-08-01 14:49:58 - __main__ - INFO - Selected disease model: Select a model
2024-08-01 14:49:58 - __main__ - INFO - Application shutdown
2024-08-01 14:50:01 - __main__ - INFO - Starting application
2024-08-01 14:50:01 - __main__ - INFO - Selected disease model: Select a model
2024-08-01 14:50:01 - __main__ - INFO - Application shutdown
2024-08-01 14:50:02 - __main__ - INFO - Starting application
2024-08-01 14:50:02 - __main__ - INFO - Selected disease model: Select a model
2024-08-01 14:50:02 - __main__ - INFO - Application shutdown
2024-08-01 14:50:03 - __main__ - INFO - Starting application
2024-08-01 14:50:03 - __main__ - INFO - Selected disease model: Select a model
2024-08-01 14:50:03 - __main__ - INFO - Application shutdown
2024-08-01 14:50:08 - __main__ - INFO - Starting application
2024-08-01 14:50:09 - __main__ - INFO - Selected disease model: Lung Cancer
2024-08-01 14:50:09 - __main__ - INFO - Application shutdown
2024-08-01 14:51:10 - __main__ - INFO - Starting application
2024-08-01 14:51:10 - __main__ - INFO - Selected disease model: Select a model
2024-08-01 14:51:10 - __main__ - INFO - Application shutdown
2024-08-01 14:51:14 - __main__ - INFO - Starting application
2024-08-01 14:51:14 - __main__ - INFO - Selected disease model: Select a model
2024-08-01 14:51:14 - __main__ - INFO - Application shutdown
2024-08-01 14:51:26 - __main__ - INFO - Starting application
2024-08-01 14:51:26 - __main__ - INFO - Selected disease model: Select a model
2024-08-01 14:51:26 - __main__ - INFO - Application shutdown
2024-08-01 14:51:26 - __main__ - INFO - Starting application
2024-08-01 14:51:26 - __main__ - INFO - Selected disease model: Select a model
2024-08-01 14:51:27 - __main__ - INFO - Application shutdown
2024-08-01 14:51:33 - __main__ - INFO - Starting application
2024-08-01 14:51:33 - __main__ - INFO - Selected disease model: Select a model
2024-08-01 14:51:33 - __main__ - INFO - Application shutdown
2024-08-01 14:51:43 - __main__ - INFO - Starting application
2024-08-01 14:51:43 - __main__ - INFO - Selected disease model: Select a model
2024-08-01 14:51:43 - __main__ - INFO - Application shutdown
2024-08-01 14:51:53 - __main__ - INFO - Starting application
2024-08-01 14:51:53 - __main__ - INFO - Selected disease model: Heart Failure
2024-08-01 14:51:53 - __main__ - INFO - Application shutdown
2024-08-01 14:51:59 - __main__ - INFO - Starting application
2024-08-01 14:51:59 - __main__ - INFO - Selected disease model: Heart Failure
2024-08-01 14:52:00 - __main__ - INFO - Application shutdown
2024-08-01 14:52:04 - __main__ - INFO - Starting application
2024-08-01 14:52:04 - __main__ - INFO - Selected disease model: Brain Stroke
2024-08-01 14:52:04 - __main__ - INFO - Application shutdown
2024-08-01 14:52:10 - __main__ - INFO - Starting application
2024-08-01 14:52:10 - __main__ - INFO - Selected disease model: Lung Cancer
2024-08-01 14:52:10 - __main__ - INFO - Application shutdown
2024-08-01 14:52:31 - __main__ - INFO - Starting application
2024-08-01 14:52:31 - __main__ - INFO - Selected disease model: Lung Cancer
2024-08-01 14:52:31 - __main__ - INFO - Application shutdown
2024-08-01 14:52:34 - __main__ - INFO - Starting application
2024-08-01 14:52:34 - __main__ - INFO - Selected disease model: Lung Cancer
2024-08-01 14:52:35 - __main__ - INFO - Application shutdown
2024-08-01 15:02:23 - __main__ - INFO - Starting application
2024-08-01 15:02:23 - __main__ - INFO - Selected disease model: Select a model
2024-08-01 15:02:23 - __main__ - INFO - Application shutdown
2024-08-01 15:11:05 - __main__ - INFO - Starting application
2024-08-01 15:11:05 - __main__ - INFO - Selected disease model: Select a model
2024-08-01 15:11:05 - __main__ - INFO - Application shutdown
2024-08-01 15:11:22 - __main__ - INFO - Starting application
2024-08-01 15:11:22 - __main__ - INFO - Selected disease model: Select a model
2024-08-01 15:11:22 - __main__ - INFO - Application shutdown
2024-08-01 15:11:27 - __main__ - INFO - Starting application
2024-08-01 15:11:27 - __main__ - INFO - Selected disease model: Select a model
2024-08-01 15:11:27 - __main__ - INFO - Application shutdown
2024-08-01 15:11:30 - __main__ - INFO - Starting application
2024-08-01 15:11:30 - __main__ - INFO - Selected disease model: Select a model
2024-08-01 15:11:30 - __main__ - INFO - Application shutdown
2024-08-01 15:11:31 - __main__ - INFO - Starting application
2024-08-01 15:11:31 - __main__ - INFO - Selected disease model: Select a model
2024-08-01 15:11:31 - __main__ - INFO - Application shutdown
2024-08-01 15:17:57 - __main__ - INFO - Starting application
2024-08-01 15:17:57 - __main__ - INFO - Selected disease model: Brain Tumor
2024-08-01 15:17:57 - __main__ - INFO - Application shutdown
2024-08-01 15:18:12 - __main__ - INFO - Starting application
2024-08-01 15:18:12 - __main__ - INFO - Selected disease model: Brain Tumor
2024-08-01 15:18:12 - __main__ - INFO - Application shutdown
2024-08-01 15:18:23 - __main__ - INFO - Starting application
2024-08-01 15:18:23 - __main__ - INFO - Selected disease model: Brain Tumor
2024-08-01 15:18:23 - __main__ - INFO - Application shutdown
2024-08-01 15:21:15 - __main__ - INFO - Starting application
2024-08-01 15:21:15 - __main__ - INFO - Selected disease model: Brain Tumor
2024-08-01 15:21:15 - __main__ - INFO - Application shutdown
2024-08-01 15:22:43 - __main__ - INFO - Starting application
2024-08-01 15:22:43 - __main__ - INFO - Selected disease model: Select a model
2024-08-01 15:22:43 - __main__ - INFO - Application shutdown
2024-08-01 15:22:43 - __main__ - INFO - Starting application
2024-08-01 15:22:43 - __main__ - INFO - Selected disease model: Select a model
2024-08-01 15:22:43 - __main__ - INFO - Application shutdown
2024-08-01 15:23:00 - __main__ - INFO - Starting application
2024-08-01 15:23:00 - __main__ - INFO - Selected disease model: Select a model
2024-08-01 15:23:00 - __main__ - INFO - Application shutdown
2024-08-01 15:23:09 - __main__ - INFO - Starting application
2024-08-01 15:23:09 - __main__ - INFO - Selected disease model: Brain Tumor
2024-08-01 15:23:09 - __main__ - INFO - Application shutdown
2024-08-01 15:23:12 - __main__ - INFO - Starting application
2024-08-01 15:23:12 - __main__ - INFO - Selected disease model: Lung Cancer
2024-08-01 15:23:12 - __main__ - INFO - Application shutdown
2024-08-01 15:23:18 - __main__ - INFO - Starting application
2024-08-01 15:23:18 - __main__ - INFO - Selected disease model: Lung Cancer
2024-08-01 15:23:18 - __main__ - INFO - Application shutdown
2024-08-01 15:23:21 - __main__ - INFO - Starting application
2024-08-01 15:23:21 - __main__ - INFO - Selected disease model: Lung Cancer
2024-08-01 15:23:22 - __main__ - INFO - Application shutdown
2024-08-01 20:54:21 - __main__ - INFO - Starting application
2024-08-01 20:54:22 - __main__ - INFO - Selected disease model: Select a model
2024-08-01 20:54:22 - __main__ - INFO - Application shutdown
2024-08-01 20:54:27 - __main__ - INFO - Starting application
2024-08-01 20:54:27 - __main__ - INFO - Selected disease model: Heart Failure
2024-08-01 20:54:27 - __main__ - INFO - Application shutdown
2024-08-01 21:26:06 - __main__ - INFO - Starting application
2024-08-01 21:26:06 - __main__ - INFO - Selected disease model: Diabetes
2024-08-01 21:26:06 - __main__ - INFO - Application shutdown
2024-08-01 21:26:11 - __main__ - INFO - Starting application
2024-08-01 21:26:11 - __main__ - INFO - Selected disease model: Brain Stroke
2024-08-01 21:26:11 - __main__ - INFO - Application shutdown
2024-08-01 21:26:19 - __main__ - INFO - Starting application
2024-08-01 21:26:19 - __main__ - INFO - Selected disease model: Kidney Disease
2024-08-01 21:26:19 - __main__ - INFO - Application shutdown
2024-08-01 21:31:03 - __main__ - INFO - Starting application
2024-08-01 21:31:03 - __main__ - INFO - Selected disease model: Select a model
2024-08-01 21:31:03 - __main__ - INFO - Application shutdown
2024-08-01 21:57:25 - __main__ - INFO - Starting application
2024-08-01 21:57:25 - __main__ - INFO - Selected disease model: Select a model
2024-08-01 21:57:25 - __main__ - INFO - Application shutdown
2024-08-06 20:47:49 - __main__ - INFO - Starting application
2024-08-06 20:47:50 - __main__ - INFO - Selected disease model: Select a model
2024-08-06 20:47:50 - __main__ - INFO - Application shutdown
2024-08-06 20:47:59 - __main__ - INFO - Starting application
2024-08-06 20:47:59 - __main__ - INFO - Selected disease model: Heart Failure
2024-08-06 20:47:59 - __main__ - INFO - Application shutdown
2024-08-06 20:48:03 - __main__ - INFO - Starting application
2024-08-06 20:48:03 - __main__ - INFO - Selected disease model: Select a model
2024-08-06 20:48:03 - __main__ - INFO - Application shutdown
2024-08-06 20:48:04 - __main__ - INFO - Starting application
2024-08-06 20:48:04 - __main__ - INFO - Selected disease model: Select a model
2024-08-06 20:48:04 - __main__ - INFO - Application shutdown
2024-08-06 20:48:11 - __main__ - INFO - Starting application
2024-08-06 20:48:11 - __main__ - INFO - Selected disease model: Select a model
2024-08-06 20:48:11 - __main__ - INFO - Application shutdown
2024-08-06 20:48:11 - __main__ - INFO - Starting application
2024-08-06 20:48:11 - __main__ - INFO - Selected disease model: Select a model
2024-08-06 20:48:17 - __main__ - INFO - Starting application
2024-08-06 20:48:17 - __main__ - INFO - Selected disease model: Select a model
2024-08-06 20:48:26 - __main__ - INFO - Application shutdown
2024-08-06 20:48:50 - __main__ - INFO - Starting application
2024-08-06 20:48:50 - __main__ - INFO - Selected disease model: Select a model
2024-08-06 20:48:50 - __main__ - INFO - Application shutdown
2024-08-06 20:48:50 - __main__ - INFO - Starting application
2024-08-06 20:48:50 - __main__ - INFO - Selected disease model: Select a model
2024-08-06 20:48:51 - __main__ - INFO - Application shutdown
2024-08-06 20:49:11 - __main__ - INFO - Starting application
2024-08-06 20:49:11 - __main__ - INFO - Selected disease model: Select a model
2024-08-06 20:49:11 - __main__ - INFO - Application shutdown
2024-08-06 20:49:11 - __main__ - INFO - Starting application
2024-08-06 20:49:11 - __main__ - INFO - Selected disease model: Select a model
2024-08-06 20:49:11 - __main__ - INFO - Application shutdown
2024-08-06 20:50:02 - __main__ - INFO - Starting application
2024-08-06 20:50:02 - __main__ - INFO - Selected disease model: Select a model
2024-08-06 20:50:02 - __main__ - INFO - Application shutdown
2024-08-06 20:50:06 - __main__ - INFO - Starting application
2024-08-06 20:50:06 - __main__ - INFO - Selected disease model: Select a model
2024-08-06 20:50:06 - __main__ - INFO - Application shutdown
2024-08-07 09:46:39 - __main__ - INFO - Starting application
2024-08-07 09:46:39 - __main__ - INFO - Selected disease model: Select a model
2024-08-07 09:46:39 - __main__ - INFO - Application shutdown
2024-08-07 09:52:07 - __main__ - INFO - Starting application
2024-08-07 09:52:07 - __main__ - INFO - Selected disease model: Select a model
2024-08-07 09:52:07 - __main__ - INFO - Application shutdown
2024-08-07 09:52:15 - __main__ - INFO - Starting application
2024-08-07 09:52:15 - __main__ - INFO - Selected disease model: Select a model
2024-08-07 09:52:15 - __main__ - INFO - Application shutdown
2024-08-07 09:52:16 - __main__ - INFO - Starting application
2024-08-07 09:52:16 - __main__ - INFO - Selected disease model: Select a model
2024-08-07 09:52:20 - __main__ - INFO - Starting application
2024-08-07 09:52:20 - __main__ - INFO - Selected disease model: Select a model
2024-08-07 09:52:28 - __main__ - INFO - Application shutdown
2024-08-07 09:52:34 - __main__ - INFO - Starting application
2024-08-07 09:52:34 - __main__ - INFO - Selected disease model: Select a model
2024-08-07 09:52:34 - __main__ - INFO - Application shutdown
2024-08-07 09:52:35 - __main__ - INFO - Starting application
2024-08-07 09:52:35 - __main__ - INFO - Selected disease model: Select a model
2024-08-07 09:52:35 - __main__ - INFO - Application shutdown
2024-08-07 09:56:16 - __main__ - INFO - Starting application
2024-08-07 09:56:16 - __main__ - INFO - Selected disease model: Select a model
2024-08-07 09:56:16 - __main__ - INFO - Application shutdown
2024-08-07 09:56:21 - __main__ - INFO - Starting application
2024-08-07 09:56:21 - __main__ - INFO - Selected disease model: Heart Failure
2024-08-07 09:56:21 - __main__ - INFO - Application shutdown
2024-08-07 09:56:46 - __main__ - INFO - Starting application
2024-08-07 09:56:46 - __main__ - INFO - Selected disease model: Heart Failure
2024-08-07 09:56:46 - __main__ - INFO - Application shutdown
2024-08-07 09:56:56 - __main__ - INFO - Starting application
2024-08-07 09:56:56 - __main__ - INFO - Selected disease model: Heart Failure
2024-08-07 09:56:56 - __main__ - INFO - Application shutdown
2024-08-07 09:56:57 - __main__ - INFO - Starting application
2024-08-07 09:56:57 - __main__ - INFO - Selected disease model: Heart Failure
2024-08-07 09:56:57 - __main__ - INFO - Application shutdown
2024-08-07 09:57:01 - __main__ - INFO - Starting application
2024-08-07 09:57:01 - __main__ - INFO - Selected disease model: Heart Failure
2024-08-07 09:57:01 - __main__ - INFO - Application shutdown
2024-08-07 09:57:10 - __main__ - INFO - Starting application
2024-08-07 09:57:10 - __main__ - INFO - Selected disease model: Select a model
2024-08-07 09:57:10 - __main__ - INFO - Application shutdown
2024-08-07 09:57:12 - __main__ - INFO - Starting application
2024-08-07 09:57:12 - __main__ - INFO - Selected disease model: Select a model
2024-08-07 09:57:12 - __main__ - INFO - Application shutdown
2024-08-07 09:57:26 - __main__ - INFO - Starting application
2024-08-07 09:57:26 - __main__ - INFO - Selected disease model: Select a model
2024-08-07 09:57:26 - __main__ - INFO - Application shutdown
2024-08-07 09:57:26 - __main__ - INFO - Starting application
2024-08-07 09:57:26 - __main__ - INFO - Selected disease model: Select a model
2024-08-07 09:57:27 - __main__ - INFO - Application shutdown
2024-08-07 09:57:31 - __main__ - INFO - Starting application
2024-08-07 09:57:31 - __main__ - INFO - Selected disease model: Select a model
2024-08-07 09:57:31 - __main__ - INFO - Application shutdown
2024-08-07 09:57:32 - __main__ - INFO - Starting application
2024-08-07 09:57:32 - __main__ - INFO - Selected disease model: Select a model
2024-08-07 09:57:32 - __main__ - INFO - Application shutdown
2024-08-07 09:57:38 - __main__ - INFO - Starting application
2024-08-07 09:57:38 - __main__ - INFO - Selected disease model: Select a model
2024-08-07 09:57:38 - __main__ - INFO - Application shutdown
2024-08-07 09:57:38 - __main__ - INFO - Starting application
2024-08-07 09:57:38 - __main__ - INFO - Selected disease model: Select a model
2024-08-07 09:57:38 - __main__ - INFO - Application shutdown
2024-08-07 09:57:38 - __main__ - INFO - Starting application
2024-08-07 09:57:38 - __main__ - INFO - Selected disease model: Select a model
2024-08-07 09:57:38 - __main__ - INFO - Application shutdown
2024-08-07 09:57:44 - __main__ - INFO - Starting application
2024-08-07 09:57:44 - __main__ - INFO - Selected disease model: Select a model
2024-08-07 09:57:44 - __main__ - INFO - Application shutdown
2024-08-07 09:57:49 - __main__ - INFO - Starting application
2024-08-07 09:57:49 - __main__ - INFO - Selected disease model: Select a model
2024-08-07 09:57:49 - __main__ - INFO - Application shutdown
2024-08-07 09:57:51 - __main__ - INFO - Starting application
2024-08-07 09:57:51 - __main__ - INFO - Selected disease model: Select a model
2024-08-07 09:57:51 - __main__ - INFO - Application shutdown
2024-08-07 09:57:52 - __main__ - INFO - Starting application
2024-08-07 09:57:52 - __main__ - INFO - Selected disease model: Select a model
2024-08-07 09:57:52 - __main__ - INFO - Application shutdown
2024-08-09 11:53:22 - __main__ - INFO - Starting application
2024-08-09 11:53:23 - __main__ - INFO - Selected disease model: Select a model
2024-08-09 11:53:23 - __main__ - INFO - Application shutdown
2024-08-09 11:53:26 - __main__ - INFO - Starting application
2024-08-09 11:53:26 - __main__ - INFO - Selected disease model: Diabetes
2024-08-09 11:53:26 - __main__ - INFO - Application shutdown
2024-08-09 11:53:29 - __main__ - INFO - Starting application
2024-08-09 11:53:29 - __main__ - INFO - Selected disease model: Diabetes
2024-08-09 11:53:29 - __main__ - INFO - Application shutdown
2024-08-09 11:53:32 - __main__ - INFO - Starting application
2024-08-09 11:53:32 - __main__ - INFO - Selected disease model: Brain Tumor
2024-08-09 11:53:32 - __main__ - INFO - Application shutdown
2024-08-09 11:53:34 - __main__ - INFO - Starting application
2024-08-09 11:53:34 - __main__ - INFO - Selected disease model: Diabetes
2024-08-09 11:53:34 - __main__ - INFO - Application shutdown
2024-08-09 11:53:36 - __main__ - INFO - Starting application
2024-08-09 11:53:36 - __main__ - INFO - Selected disease model: Diabetes
2024-08-09 11:53:36 - __main__ - INFO - Application shutdown
2024-08-09 11:53:38 - __main__ - INFO - Starting application
2024-08-09 11:53:38 - __main__ - INFO - Selected disease model: Heart Failure
2024-08-09 11:53:38 - __main__ - INFO - Application shutdown
2024-08-09 11:53:40 - __main__ - INFO - Starting application
2024-08-09 11:53:40 - __main__ - INFO - Selected disease model: Heart Failure
2024-08-09 11:53:40 - __main__ - INFO - Application shutdown
2024-08-09 11:53:43 - __main__ - INFO - Starting application
2024-08-09 11:53:43 - __main__ - INFO - Selected disease model: Select a model
2024-08-09 11:53:43 - __main__ - INFO - Application shutdown
2024-08-09 11:53:44 - __main__ - INFO - Starting application
2024-08-09 11:53:44 - __main__ - INFO - Selected disease model: Select a model
2024-08-09 11:53:44 - __main__ - INFO - Application shutdown
2024-08-09 11:53:52 - __main__ - INFO - Starting application
2024-08-09 11:53:52 - __main__ - INFO - Selected disease model: Select a model
2024-08-09 11:53:52 - __main__ - INFO - Application shutdown
2024-08-09 11:53:52 - __main__ - INFO - Starting application
2024-08-09 11:53:52 - __main__ - INFO - Selected disease model: Select a model
2024-08-09 11:53:56 - __main__ - INFO - Starting application
2024-08-09 11:53:56 - __main__ - INFO - Selected disease model: Select a model
2024-08-09 11:54:07 - __main__ - INFO - Application shutdown
2024-08-09 11:54:09 - __main__ - INFO - Starting application
2024-08-09 11:54:09 - __main__ - INFO - Selected disease model: Select a model
2024-08-09 11:54:09 - __main__ - INFO - Application shutdown
2024-08-09 11:54:11 - __main__ - INFO - Starting application
2024-08-09 11:54:11 - __main__ - INFO - Selected disease model: Select a model
2024-08-09 11:54:19 - __main__ - INFO - Application shutdown
2024-08-09 12:13:16 - __main__ - INFO - Starting application
2024-08-09 12:13:16 - __main__ - INFO - Selected disease model: Select a model
2024-08-09 12:13:16 - __main__ - INFO - Application shutdown
2024-08-09 12:13:18 - __main__ - INFO - Starting application
2024-08-09 12:13:18 - __main__ - INFO - Selected disease model: Select a model
2024-08-09 12:13:18 - __main__ - INFO - Application shutdown
2024-08-09 12:13:23 - __main__ - INFO - Starting application
2024-08-09 12:13:23 - __main__ - INFO - Selected disease model: Select a model
2024-08-09 12:13:23 - __main__ - INFO - Application shutdown
2024-08-09 12:13:24 - __main__ - INFO - Starting application
2024-08-09 12:13:24 - __main__ - INFO - Selected disease model: Select a model
2024-08-09 12:13:25 - __main__ - INFO - Application shutdown
2024-08-09 12:13:42 - __main__ - INFO - Starting application
2024-08-09 12:13:42 - __main__ - INFO - Selected disease model: Select a model
2024-08-09 12:13:42 - __main__ - INFO - Application shutdown
2024-08-09 12:13:42 - __main__ - INFO - Starting application
2024-08-09 12:13:42 - __main__ - INFO - Selected disease model: Select a model
2024-08-09 12:13:42 - __main__ - INFO - Application shutdown
2024-08-09 12:13:50 - __main__ - INFO - Starting application
2024-08-09 12:13:50 - __main__ - INFO - Selected disease model: Select a model
2024-08-09 12:13:50 - __main__ - INFO - Application shutdown
2024-08-09 12:13:52 - __main__ - INFO - Starting application
2024-08-09 12:13:52 - __main__ - INFO - Selected disease model: Select a model
2024-08-09 12:13:52 - __main__ - INFO - Application shutdown
2024-08-09 12:13:55 - __main__ - INFO - Starting application
2024-08-09 12:13:55 - __main__ - INFO - Selected disease model: Heart Failure
2024-08-09 12:13:55 - __main__ - INFO - Application shutdown
2024-08-09 12:13:57 - __main__ - INFO - Starting application
2024-08-09 12:13:57 - __main__ - INFO - Selected disease model: Heart Failure
2024-08-09 12:13:57 - __main__ - INFO - Application shutdown
2024-08-09 12:14:00 - __main__ - INFO - Starting application
2024-08-09 12:14:00 - __main__ - INFO - Selected disease model: Diabetes
2024-08-09 12:14:00 - __main__ - INFO - Application shutdown
2024-08-09 12:14:01 - __main__ - INFO - Starting application
2024-08-09 12:14:01 - __main__ - INFO - Selected disease model: Diabetes
2024-08-09 12:14:01 - __main__ - INFO - Application shutdown
2024-08-09 12:14:03 - __main__ - INFO - Starting application
2024-08-09 12:14:03 - __main__ - INFO - Selected disease model: Brain Stroke
2024-08-09 12:14:03 - __main__ - INFO - Application shutdown
2024-08-09 12:14:06 - __main__ - INFO - Starting application
2024-08-09 12:14:06 - __main__ - INFO - Selected disease model: Brain Stroke
2024-08-09 12:14:06 - __main__ - INFO - Application shutdown
2024-08-09 12:14:09 - __main__ - INFO - Starting application
2024-08-09 12:14:09 - __main__ - INFO - Selected disease model: Kidney Disease
2024-08-09 12:14:09 - __main__ - INFO - Application shutdown
2024-08-09 12:14:11 - __main__ - INFO - Starting application
2024-08-09 12:14:11 - __main__ - INFO - Selected disease model: Kidney Disease
2024-08-09 12:14:11 - __main__ - INFO - Application shutdown
2024-08-09 12:14:13 - __main__ - INFO - Starting application
2024-08-09 12:14:13 - __main__ - INFO - Selected disease model: Lung Cancer
2024-08-09 12:14:13 - __main__ - INFO - Application shutdown
2024-08-09 12:14:26 - __main__ - INFO - Starting application
2024-08-09 12:14:26 - __main__ - INFO - Selected disease model: Lung Cancer
2024-08-09 12:14:27 - __main__ - INFO - Application shutdown
2024-08-09 12:14:29 - __main__ - INFO - Starting application
2024-08-09 12:14:29 - __main__ - INFO - Selected disease model: Lung Cancer
2024-08-09 12:14:29 - __main__ - INFO - Application shutdown
2024-08-09 12:14:45 - __main__ - INFO - Starting application
2024-08-09 12:14:45 - __main__ - INFO - Selected disease model: Lung Cancer
2024-08-09 12:14:45 - __main__ - INFO - Application shutdown
2024-08-09 12:14:46 - __main__ - INFO - Starting application
2024-08-09 12:14:46 - __main__ - INFO - Selected disease model: Lung Cancer
2024-08-09 12:14:46 - __main__ - INFO - Application shutdown
2024-08-09 12:14:51 - __main__ - INFO - Starting application
2024-08-09 12:14:51 - __main__ - INFO - Selected disease model: Brain Tumor
2024-08-09 12:14:51 - __main__ - INFO - Application shutdown
2024-08-09 12:15:02 - __main__ - INFO - Starting application
2024-08-09 12:15:02 - __main__ - INFO - Selected disease model: Brain Tumor
2024-08-09 12:15:02 - __main__ - INFO - Application shutdown
2024-08-09 12:15:04 - __main__ - INFO - Starting application
2024-08-09 12:15:04 - __main__ - INFO - Selected disease model: Brain Tumor
2024-08-09 12:15:04 - __main__ - INFO - Application shutdown
2024-08-09 12:15:10 - __main__ - INFO - Starting application
2024-08-09 12:15:10 - __main__ - INFO - Selected disease model: Brain Tumor
2024-08-09 12:15:10 - __main__ - INFO - Application shutdown
2024-08-09 12:26:28 - __main__ - INFO - Starting application
2024-08-09 12:26:28 - __main__ - INFO - Selected disease model: Select a model
2024-08-09 12:26:28 - __main__ - INFO - Application shutdown
2024-08-09 12:26:30 - __main__ - INFO - Starting application
2024-08-09 12:26:30 - __main__ - INFO - Selected disease model: Select a model
2024-08-09 12:26:30 - __main__ - INFO - Application shutdown
2024-08-09 12:26:38 - __main__ - INFO - Starting application
2024-08-09 12:26:38 - __main__ - INFO - Selected disease model: Select a model
2024-08-09 12:26:38 - __main__ - INFO - Application shutdown
2024-08-09 12:26:39 - __main__ - INFO - Starting application
2024-08-09 12:26:39 - __main__ - INFO - Selected disease model: Select a model
2024-08-09 12:26:40 - __main__ - INFO - Application shutdown
2024-08-09 12:26:42 - __main__ - INFO - Starting application
2024-08-09 12:26:42 - __main__ - INFO - Selected disease model: Select a model
2024-08-09 12:26:42 - __main__ - INFO - Application shutdown
2024-08-09 12:26:45 - __main__ - INFO - Starting application
2024-08-09 12:26:45 - __main__ - INFO - Selected disease model: Select a model
2024-08-09 12:26:45 - __main__ - INFO - Application shutdown
2024-08-09 12:26:48 - __main__ - INFO - Starting application
2024-08-09 12:26:48 - __main__ - INFO - Selected disease model: Heart Failure
2024-08-09 12:26:48 - __main__ - INFO - Application shutdown
2024-08-09 12:26:49 - __main__ - INFO - Starting application
2024-08-09 12:26:49 - __main__ - INFO - Selected disease model: Heart Failure
2024-08-09 12:26:49 - __main__ - INFO - Application shutdown
2024-08-09 12:26:52 - __main__ - INFO - Starting application
2024-08-09 12:26:52 - __main__ - INFO - Selected disease model: Brain Stroke
2024-08-09 12:26:52 - __main__ - INFO - Application shutdown
2024-08-09 12:26:54 - __main__ - INFO - Starting application
2024-08-09 12:26:54 - __main__ - INFO - Selected disease model: Brain Stroke
2024-08-09 12:26:54 - __main__ - INFO - Application shutdown
2024-08-09 12:26:58 - __main__ - INFO - Starting application
2024-08-09 12:26:58 - __main__ - INFO - Selected disease model: Diabetes
2024-08-09 12:26:58 - __main__ - INFO - Application shutdown
2024-08-09 12:26:59 - __main__ - INFO - Starting application
2024-08-09 12:26:59 - __main__ - INFO - Selected disease model: Diabetes
2024-08-09 12:26:59 - __main__ - INFO - Application shutdown
2024-08-09 13:05:52 - __main__ - INFO - Starting application
2024-08-09 13:05:52 - __main__ - INFO - Selected disease model: Select a model
2024-08-09 13:05:52 - __main__ - INFO - Application shutdown
2024-08-09 13:05:54 - __main__ - INFO - Starting application
2024-08-09 13:05:54 - __main__ - INFO - Selected disease model: Select a model
2024-08-09 13:05:54 - __main__ - INFO - Application shutdown
2024-08-09 13:05:58 - __main__ - INFO - Starting application
2024-08-09 13:05:58 - __main__ - INFO - Selected disease model: Select a model
2024-08-09 13:05:58 - __main__ - INFO - Application shutdown
2024-08-09 13:06:01 - __main__ - INFO - Starting application
2024-08-09 13:06:01 - __main__ - INFO - Selected disease model: Select a model
2024-08-09 13:06:07 - __main__ - INFO - Application shutdown
2024-08-09 13:06:09 - __main__ - INFO - Starting application
2024-08-09 13:06:09 - __main__ - INFO - Selected disease model: Select a model
2024-08-09 13:06:09 - __main__ - INFO - Application shutdown
2024-08-09 13:06:12 - __main__ - INFO - Starting application
2024-08-09 13:06:12 - __main__ - INFO - Selected disease model: Select a model
2024-08-09 13:06:19 - __main__ - INFO - Application shutdown
2024-08-09 13:06:23 - __main__ - INFO - Starting application
2024-08-09 13:06:23 - __main__ - INFO - Selected disease model: Diabetes
2024-08-09 13:06:23 - __main__ - INFO - Application shutdown
2024-08-09 13:06:26 - __main__ - INFO - Starting application
2024-08-09 13:06:26 - __main__ - INFO - Selected disease model: Diabetes
2024-08-09 13:06:26 - __main__ - INFO - Application shutdown
2024-08-13 17:53:50 - __main__ - INFO - Starting application
2024-08-13 17:53:50 - __main__ - INFO - Selected disease model: Select a model
2024-08-13 17:53:50 - __main__ - INFO - Application shutdown
2024-08-13 17:54:55 - __main__ - INFO - Starting application
2024-08-13 17:54:55 - __main__ - INFO - Selected disease model: Heart Failure
2024-08-13 17:54:55 - __main__ - INFO - Application shutdown
2024-08-13 17:55:05 - __main__ - INFO - Starting application
2024-08-13 17:55:05 - __main__ - INFO - Selected disease model: Heart Failure
2024-08-13 17:55:05 - __main__ - INFO - Application shutdown
2024-08-13 17:55:38 - __main__ - INFO - Starting application
2024-08-13 17:55:38 - __main__ - INFO - Selected disease model: Diabetes
2024-08-13 17:55:38 - __main__ - INFO - Application shutdown
2024-08-13 17:55:40 - __main__ - INFO - Starting application
2024-08-13 17:55:40 - __main__ - INFO - Selected disease model: Diabetes
2024-08-13 17:55:40 - __main__ - INFO - Application shutdown
2024-08-13 17:55:53 - __main__ - INFO - Starting application
2024-08-13 17:55:53 - __main__ - INFO - Selected disease model: Brain Stroke
2024-08-13 17:55:53 - __main__ - INFO - Application shutdown
2024-08-13 17:56:03 - __main__ - INFO - Starting application
2024-08-13 17:56:03 - __main__ - INFO - Selected disease model: Lung Cancer
2024-08-13 17:56:03 - __main__ - INFO - Application shutdown
2024-08-13 17:56:42 - __main__ - INFO - Starting application
2024-08-13 17:56:42 - __main__ - INFO - Selected disease model: Lung Cancer
2024-08-13 17:56:42 - __main__ - INFO - Application shutdown
2024-08-13 17:56:45 - __main__ - INFO - Starting application
2024-08-13 17:56:45 - __main__ - INFO - Selected disease model: Lung Cancer
2024-08-13 17:56:46 - __main__ - INFO - Application shutdown
2024-08-13 17:57:01 - __main__ - INFO - Starting application
2024-08-13 17:57:01 - __main__ - INFO - Selected disease model: Brain Tumor
2024-08-13 17:57:01 - __main__ - INFO - Application shutdown
2024-08-13 17:57:04 - __main__ - INFO - Starting application
2024-08-13 17:57:04 - __main__ - INFO - Selected disease model: Brain Tumor
2024-08-13 17:57:04 - __main__ - INFO - Application shutdown
2024-08-13 17:57:20 - __main__ - INFO - Starting application
2024-08-13 17:57:20 - __main__ - INFO - Selected disease model: Brain Tumor
2024-08-13 17:57:20 - __main__ - INFO - Application shutdown
2024-08-13 17:57:22 - __main__ - INFO - Starting application
2024-08-13 17:57:22 - __main__ - INFO - Selected disease model: Brain Tumor
2024-08-13 17:57:23 - __main__ - INFO - Application shutdown
2024-08-13 17:57:29 - __main__ - INFO - Starting application
2024-08-13 17:57:29 - __main__ - INFO - Selected disease model: Brain Tumor
2024-08-13 17:57:29 - __main__ - INFO - Application shutdown
2024-08-13 17:57:34 - __main__ - INFO - Starting application
2024-08-13 17:57:34 - __main__ - INFO - Selected disease model: Brain Tumor
2024-08-13 17:57:34 - __main__ - INFO - Application shutdown
2024-08-13 17:57:37 - __main__ - INFO - Starting application
2024-08-13 17:57:37 - __main__ - INFO - Selected disease model: Brain Tumor
2024-08-13 17:57:37 - __main__ - INFO - Application shutdown
2024-08-13 17:57:42 - __main__ - INFO - Starting application
2024-08-13 17:57:42 - __main__ - INFO - Selected disease model: Select a model
2024-08-13 17:57:42 - __main__ - INFO - Application shutdown
2024-08-13 17:57:48 - __main__ - INFO - Starting application
2024-08-13 17:57:48 - __main__ - INFO - Selected disease model: Select a model
2024-08-13 17:57:48 - __main__ - INFO - Application shutdown
2024-08-13 17:57:56 - __main__ - INFO - Starting application
2024-08-13 17:57:56 - __main__ - INFO - Selected disease model: Select a model
2024-08-13 17:57:56 - __main__ - INFO - Application shutdown
2024-08-13 17:57:58 - __main__ - INFO - Starting application
2024-08-13 17:57:58 - __main__ - INFO - Selected disease model: Select a model
2024-08-13 17:58:02 - __main__ - INFO - Starting application
2024-08-13 17:58:02 - __main__ - INFO - Selected disease model: Select a model
2024-08-13 17:58:17 - __main__ - INFO - Application shutdown
2024-08-13 17:58:44 - __main__ - INFO - Starting application
2024-08-13 17:58:44 - __main__ - INFO - Selected disease model: Select a model
2024-08-13 17:58:44 - __main__ - INFO - Application shutdown
2024-08-13 17:58:45 - __main__ - INFO - Starting application
2024-08-13 17:58:45 - __main__ - INFO - Selected disease model: Select a model
2024-08-13 17:58:45 - __main__ - INFO - Application shutdown
2024-08-13 17:59:08 - __main__ - INFO - Starting application
2024-08-13 17:59:08 - __main__ - INFO - Selected disease model: Select a model
2024-08-13 17:59:08 - __main__ - INFO - Application shutdown
2024-08-13 17:59:08 - __main__ - INFO - Starting application
2024-08-13 17:59:08 - __main__ - INFO - Selected disease model: Select a model
2024-08-13 17:59:08 - __main__ - INFO - Application shutdown
2024-08-13 17:59:25 - __main__ - INFO - Starting application
2024-08-13 17:59:25 - __main__ - INFO - Selected disease model: Select a model
2024-08-13 17:59:25 - __main__ - INFO - Application shutdown
2024-08-13 17:59:26 - __main__ - INFO - Starting application
2024-08-13 17:59:26 - __main__ - INFO - Selected disease model: Select a model
2024-08-13 17:59:26 - __main__ - INFO - Application shutdown
2024-08-13 17:59:50 - __main__ - INFO - Starting application
2024-08-13 17:59:50 - __main__ - INFO - Selected disease model: Select a model
2024-08-13 17:59:50 - __main__ - INFO - Application shutdown
2024-08-13 17:59:50 - __main__ - INFO - Starting application
2024-08-13 17:59:50 - __main__ - INFO - Selected disease model: Select a model
2024-08-13 17:59:50 - __main__ - INFO - Application shutdown
2024-08-13 18:00:38 - __main__ - INFO - Starting application
2024-08-13 18:00:38 - __main__ - INFO - Selected disease model: Select a model
2024-08-13 18:00:38 - __main__ - INFO - Application shutdown
2024-08-13 18:00:38 - __main__ - INFO - Starting application
2024-08-13 18:00:38 - __main__ - INFO - Selected disease model: Select a model
2024-08-13 18:00:38 - __main__ - INFO - Application shutdown
2024-08-13 18:01:01 - __main__ - INFO - Starting application
2024-08-13 18:01:01 - __main__ - INFO - Selected disease model: Select a model
2024-08-13 18:01:01 - __main__ - INFO - Application shutdown
2024-08-13 18:01:01 - __main__ - INFO - Starting application
2024-08-13 18:01:01 - __main__ - INFO - Selected disease model: Select a model
2024-08-13 18:01:01 - __main__ - INFO - Application shutdown
2024-08-13 18:01:17 - __main__ - INFO - Starting application
2024-08-13 18:01:17 - __main__ - INFO - Selected disease model: Select a model
2024-08-13 18:01:17 - __main__ - INFO - Application shutdown
2024-08-13 18:01:17 - __main__ - INFO - Starting application
2024-08-13 18:01:17 - __main__ - INFO - Selected disease model: Select a model
2024-08-13 18:01:17 - __main__ - INFO - Application shutdown
2024-08-13 18:01:48 - __main__ - INFO - Starting application
2024-08-13 18:01:48 - __main__ - INFO - Selected disease model: Select a model
2024-08-13 18:01:48 - __main__ - INFO - Application shutdown
2024-08-13 18:01:50 - __main__ - INFO - Starting application
2024-08-13 18:01:50 - __main__ - INFO - Selected disease model: Select a model
2024-08-13 18:01:50 - __main__ - INFO - Application shutdown
2024-08-13 18:02:09 - __main__ - INFO - Starting application
2024-08-13 18:02:09 - __main__ - INFO - Selected disease model: Select a model
2024-08-13 18:02:09 - __main__ - INFO - Application shutdown
2024-08-13 18:02:13 - __main__ - INFO - Starting application
2024-08-13 18:02:13 - __main__ - INFO - Selected disease model: Select a model
2024-08-13 18:02:13 - __main__ - INFO - Application shutdown
2024-08-13 18:02:33 - __main__ - INFO - Starting application
2024-08-13 18:02:33 - __main__ - INFO - Selected disease model: Select a model
2024-08-13 18:02:33 - __main__ - INFO - Application shutdown
2024-08-13 18:02:36 - __main__ - INFO - Starting application
2024-08-13 18:02:36 - __main__ - INFO - Selected disease model: Select a model
2024-08-13 18:02:36 - __main__ - INFO - Application shutdown
2024-08-13 18:06:53 - __main__ - INFO - Starting application
2024-08-13 18:06:53 - __main__ - INFO - Selected disease model: Select a model
2024-08-13 18:06:53 - __main__ - INFO - Application shutdown
2024-08-13 18:08:10 - __main__ - INFO - Starting application
2024-08-13 18:08:10 - __main__ - INFO - Selected disease model: Select a model
2024-08-13 18:08:10 - __main__ - INFO - Application shutdown
2024-08-13 18:08:10 - __main__ - INFO - Starting application
2024-08-13 18:08:10 - __main__ - INFO - Selected disease model: Select a model
2024-08-13 18:08:10 - __main__ - INFO - Application shutdown
2024-08-13 18:08:12 - __main__ - INFO - Starting application
2024-08-13 18:08:12 - __main__ - INFO - Selected disease model: Select a model
2024-08-13 18:08:12 - __main__ - INFO - Application shutdown
2024-08-13 18:08:13 - __main__ - INFO - Starting application
2024-08-13 18:08:13 - __main__ - INFO - Selected disease model: Select a model
2024-08-13 18:08:13 - __main__ - INFO - Application shutdown
2024-08-13 18:08:43 - __main__ - INFO - Starting application
2024-08-13 18:08:43 - __main__ - INFO - Selected disease model: Select a model
2024-08-13 18:08:43 - __main__ - INFO - Application shutdown
2024-08-15 00:38:20 - __main__ - INFO - Starting application
2024-08-15 00:38:21 - __main__ - INFO - Selected disease model: Select a model
2024-08-15 00:38:21 - __main__ - INFO - Application shutdown
2024-08-16 11:00:53 - __main__ - INFO - Starting application
2024-08-16 11:00:53 - __main__ - INFO - Selected disease model: Select a model
2024-08-16 11:00:53 - __main__ - INFO - Application shutdown
2024-08-16 11:00:59 - __main__ - INFO - Starting application
2024-08-16 11:00:59 - __main__ - INFO - Selected disease model: Heart Failure
2024-08-16 11:00:59 - __main__ - INFO - Application shutdown
2024-08-16 11:01:03 - __main__ - INFO - Starting application
2024-08-16 11:01:03 - __main__ - INFO - Selected disease model: Heart Failure
2024-08-16 11:01:16 - __main__ - INFO - Heart Failure API response status: 200
2024-08-16 11:01:16 - __main__ - INFO - Application shutdown
2024-08-16 11:01:43 - __main__ - INFO - Starting application
2024-08-16 11:01:43 - __main__ - INFO - Selected disease model: Diabetes
2024-08-16 11:01:43 - __main__ - INFO - Application shutdown
2024-08-16 11:01:45 - __main__ - INFO - Starting application
2024-08-16 11:01:45 - __main__ - INFO - Selected disease model: Diabetes
2024-08-16 11:01:45 - __main__ - INFO - Diabetes API response status: 200
2024-08-16 11:01:45 - __main__ - INFO - Application shutdown
2024-08-16 11:02:04 - __main__ - INFO - Starting application
2024-08-16 11:02:04 - __main__ - INFO - Selected disease model: Select a model
2024-08-16 11:02:04 - __main__ - INFO - Application shutdown
2024-08-16 11:02:06 - __main__ - INFO - Starting application
2024-08-16 11:02:06 - __main__ - INFO - Selected disease model: Select a model
2024-08-16 11:02:06 - __main__ - INFO - Application shutdown
2024-08-16 11:02:08 - __main__ - INFO - Starting application
2024-08-16 11:02:08 - __main__ - INFO - Selected disease model: Select a model
2024-08-16 11:02:08 - __main__ - INFO - Application shutdown
2024-08-16 11:02:17 - __main__ - INFO - Starting application
2024-08-16 11:02:17 - __main__ - INFO - Selected disease model: Select a model
2024-08-16 11:02:17 - __main__ - INFO - Application shutdown
2024-08-16 11:02:17 - __main__ - INFO - Starting application
2024-08-16 11:02:17 - __main__ - INFO - Selected disease model: Select a model
2024-08-16 11:02:18 - __main__ - INFO - Response status: 200
2024-08-16 11:02:18 - __main__ - INFO - Answer received: Diabetes means your blood glucose (often called blood sugar) is too high. Your blood always has some glucose in it because your body needs glucose for energy to keep you going. But too much glucose in the blood isn't good for your health. Glucose comes from the food you eat and is also made in your liver and muscles. Your blood carries the glucose to all of the cells in your body. Insulin is a chemical (a hormone) made by the pancreas. The pancreas releases insulin into the blood. Insulin helps the glucose from food get into your cells. If your body does not make enough insulin or if the insulin doesn't work the way it should, glucose can't get into your cells. It stays in your blood instead. Your blood glucose level then gets too high, causing pre-diabetes or diabetes.
2024-08-16 11:02:18 - __main__ - INFO - Application shutdown
2024-08-16 11:03:53 - __main__ - INFO - Starting application
2024-08-16 11:03:53 - __main__ - INFO - Selected disease model: Select a model
2024-08-16 11:04:00 - __main__ - INFO - Chatbot API Response status: 200
2024-08-16 11:04:00 - __main__ - INFO - Application shutdown
2024-08-16 11:04:11 - __main__ - INFO - Starting application
2024-08-16 11:04:11 - __main__ - INFO - Selected disease model: Select a model
2024-08-16 11:04:11 - __main__ - INFO - Application shutdown
2024-08-16 11:04:12 - __main__ - INFO - Starting application
2024-08-16 11:04:12 - __main__ - INFO - Selected disease model: Select a model
2024-08-16 11:04:12 - __main__ - INFO - Calorie API response status: 200
2024-08-16 11:04:12 - __main__ - INFO - Application shutdown
2024-09-10 13:09:47 - __main__ - INFO - Starting application
2024-09-10 13:09:47 - __main__ - INFO - Selected disease model: Select a model
2024-09-10 13:09:47 - __main__ - INFO - Application shutdown
2024-09-10 13:09:53 - __main__ - INFO - Starting application
2024-09-10 13:09:53 - __main__ - INFO - Selected disease model: Select a model
2024-09-10 13:09:53 - __main__ - INFO - Application shutdown
2024-09-10 13:10:04 - __main__ - INFO - Starting application
2024-09-10 13:10:04 - __main__ - INFO - Selected disease model: Select a model
2024-09-10 13:10:04 - __main__ - INFO - Application shutdown
2024-09-10 13:10:06 - __main__ - INFO - Starting application
2024-09-10 13:10:06 - __main__ - INFO - Selected disease model: Select a model
2024-09-10 13:10:13 - __main__ - INFO - Starting application
2024-09-10 13:10:13 - __main__ - INFO - Selected disease model: Select a model
2024-09-10 13:10:27 - __main__ - INFO - Chatbot API Response status: 200
2024-09-10 13:10:27 - __main__ - INFO - Application shutdown
2024-09-10 13:10:59 - __main__ - INFO - Starting application
2024-09-10 13:10:59 - __main__ - INFO - Selected disease model: Select a model
2024-09-10 13:10:59 - __main__ - INFO - Application shutdown
2024-09-10 13:11:02 - __main__ - INFO - Starting application
2024-09-10 13:11:02 - __main__ - INFO - Selected disease model: Select a model
2024-09-10 13:11:02 - __main__ - INFO - Calorie API response status: 200
2024-09-10 13:11:02 - __main__ - INFO - Application shutdown
2024-09-10 13:11:05 - __main__ - INFO - Starting application
2024-09-10 13:11:05 - __main__ - INFO - Selected disease model: Heart Failure
2024-09-10 13:11:05 - __main__ - INFO - Application shutdown
2024-09-10 13:11:07 - __main__ - INFO - Starting application
2024-09-10 13:11:07 - __main__ - INFO - Selected disease model: Heart Failure
2024-09-10 13:11:07 - __main__ - INFO - Heart Failure API response status: 200
2024-09-10 13:11:07 - __main__ - INFO - Application shutdown
2025-01-28 11:21:03 - __main__ - INFO - Starting application
2025-01-28 11:21:04 - __main__ - INFO - Selected disease model: Select a model
2025-01-28 11:21:04 - __main__ - INFO - Application shutdown
2025-01-28 11:21:11 - __main__ - INFO - Starting application
2025-01-28 11:21:11 - __main__ - INFO - Selected disease model: Select a model
2025-01-28 11:21:11 - __main__ - INFO - Application shutdown
2025-01-28 11:21:17 - __main__ - INFO - Starting application
2025-01-28 11:21:17 - __main__ - INFO - Selected disease model: Select a model
2025-01-28 11:21:17 - __main__ - INFO - Application shutdown
2025-01-28 11:21:19 - __main__ - INFO - Starting application
2025-01-28 11:21:19 - __main__ - INFO - Selected disease model: Select a model
2025-01-28 11:21:36 - __main__ - INFO - Chatbot API Response status: 200
2025-01-28 11:21:36 - __main__ - INFO - Application shutdown
2025-01-28 11:21:51 - __main__ - INFO - Starting application
2025-01-28 11:21:51 - __main__ - INFO - Selected disease model: Heart Failure
2025-01-28 11:21:51 - __main__ - INFO - Application shutdown
2025-01-28 11:21:53 - __main__ - INFO - Starting application
2025-01-28 11:21:53 - __main__ - INFO - Selected disease model: Heart Failure
2025-01-28 11:22:05 - __main__ - INFO - Heart Failure API response status: 200
2025-01-28 11:22:05 - __main__ - INFO - Application shutdown
2025-01-28 11:22:11 - __main__ - INFO - Starting application
2025-01-28 11:22:11 - __main__ - INFO - Selected disease model: Lung Cancer
2025-01-28 11:22:11 - __main__ - INFO - Application shutdown
2025-01-28 11:23:09 - __main__ - INFO - Starting application
2025-01-28 11:23:09 - __main__ - INFO - Selected disease model: Lung Cancer
2025-01-28 11:23:09 - __main__ - INFO - Application shutdown
2025-01-28 11:23:11 - __main__ - INFO - Starting application
2025-01-28 11:23:11 - __main__ - INFO - Selected disease model: Lung Cancer
2025-01-28 11:23:16 - __main__ - INFO - Starting application
2025-01-28 11:23:16 - __main__ - INFO - Selected disease model: Lung Cancer
2025-01-28 11:23:31 - __main__ - INFO - Lung Cancer API response status: 200
2025-01-28 11:23:31 - __main__ - INFO - Application shutdown
2025-01-28 11:23:45 - __main__ - INFO - Starting application
2025-01-28 11:23:45 - __main__ - INFO - Selected disease model: Select a model
2025-01-28 11:23:45 - __main__ - INFO - Application shutdown
2025-01-28 11:23:56 - __main__ - INFO - Starting application
2025-01-28 11:23:56 - __main__ - INFO - Selected disease model: Select a model
2025-01-28 11:23:56 - __main__ - INFO - Application shutdown
2025-01-28 11:23:58 - __main__ - INFO - Starting application
2025-01-28 11:23:58 - __main__ - INFO - Selected disease model: Select a model
2025-01-28 11:23:59 - __main__ - INFO - Chatbot API Response status: 200
2025-01-28 11:23:59 - __main__ - INFO - Application shutdown
2025-04-28 13:39:32 - __main__ - INFO - Starting application
2025-04-28 13:39:33 - __main__ - INFO - Selected disease model: Select a model
2025-04-28 13:39:33 - __main__ - INFO - Application shutdown
2025-04-28 13:42:16 - __main__ - INFO - Starting application
2025-04-28 13:42:16 - __main__ - INFO - Selected disease model: Select a model
2025-04-28 13:42:16 - __main__ - INFO - Application shutdown
2025-04-28 13:42:18 - __main__ - INFO - Starting application
2025-04-28 13:42:18 - __main__ - INFO - Selected disease model: Select a model
2025-04-28 13:42:18 - __main__ - INFO - Application shutdown
2025-04-28 13:42:19 - __main__ - INFO - Starting application
2025-04-28 13:42:19 - __main__ - INFO - Selected disease model: Select a model
2025-04-28 14:16:59 - __main__ - INFO - Starting application
2025-04-28 14:16:59 - __main__ - INFO - Selected disease model: Select a model
2025-04-28 14:16:59 - __main__ - INFO - Application shutdown
2025-04-28 14:20:21 - __main__ - INFO - Starting application
2025-04-28 14:20:21 - __main__ - INFO - Selected disease model: Select a model
2025-04-28 14:20:21 - __main__ - INFO - Application shutdown
2025-04-28 14:20:21 - __main__ - INFO - Starting application
2025-04-28 14:20:21 - __main__ - INFO - Selected disease model: Select a model
2025-04-28 14:20:21 - __main__ - INFO - Application shutdown
2025-04-28 14:20:25 - __main__ - INFO - Starting application
2025-04-28 14:20:25 - __main__ - INFO - Selected disease model: Select a model
2025-04-28 14:20:25 - __main__ - INFO - Application shutdown
2025-04-28 14:20:27 - __main__ - INFO - Starting application
2025-04-28 14:20:27 - __main__ - INFO - Selected disease model: Select a model
2025-04-28 14:20:27 - __main__ - INFO - Application shutdown
2025-04-28 14:20:29 - __main__ - INFO - Starting application
2025-04-28 14:20:29 - __main__ - INFO - Selected disease model: Select a model
2025-04-28 14:20:29 - __main__ - INFO - Calorie API response status: 200
2025-04-28 14:20:29 - __main__ - INFO - Application shutdown
2025-04-28 14:20:32 - __main__ - INFO - Starting application
2025-04-28 14:20:32 - __main__ - INFO - Selected disease model: Select a model
2025-04-28 14:20:32 - __main__ - INFO - Application shutdown
2025-04-28 14:20:34 - __main__ - INFO - Starting application
2025-04-28 14:20:34 - __main__ - INFO - Selected disease model: Select a model
2025-04-28 14:20:34 - __main__ - INFO - Application shutdown
2025-04-28 14:20:34 - __main__ - INFO - Starting application
2025-04-28 14:20:34 - __main__ - INFO - Selected disease model: Select a model
2025-04-28 14:20:34 - __main__ - INFO - Chatbot API Response status: 200
2025-04-28 14:20:34 - __main__ - INFO - Application shutdown
2025-04-28 14:20:38 - __main__ - INFO - Starting application
2025-04-28 14:20:38 - __main__ - INFO - Selected disease model: Lung Cancer
2025-04-28 14:20:38 - __main__ - INFO - Application shutdown
2025-04-28 14:21:07 - __main__ - INFO - Starting application
2025-04-28 14:21:07 - __main__ - INFO - Selected disease model: Lung Cancer
2025-04-28 14:21:08 - __main__ - INFO - Application shutdown
2025-04-28 14:21:11 - __main__ - INFO - Starting application
2025-04-28 14:21:11 - __main__ - INFO - Selected disease model: Lung Cancer
2025-04-28 14:21:12 - __main__ - INFO - Lung Cancer API response status: 200
2025-04-28 14:21:12 - __main__ - INFO - Application shutdown
2025-04-28 14:21:22 - __main__ - INFO - Starting application
2025-04-28 14:21:22 - __main__ - INFO - Selected disease model: Brain Tumor
2025-04-28 14:21:22 - __main__ - INFO - Application shutdown
2025-04-28 14:21:40 - __main__ - INFO - Starting application
2025-04-28 14:21:40 - __main__ - INFO - Selected disease model: Brain Tumor
2025-04-28 14:21:40 - __main__ - INFO - Application shutdown
2025-04-28 14:21:43 - __main__ - INFO - Starting application
2025-04-28 14:21:43 - __main__ - INFO - Selected disease model: Brain Tumor
2025-04-28 14:21:43 - __main__ - INFO - Brain Tumor API response status: 200
2025-04-28 14:21:43 - __main__ - INFO - Application shutdown
2025-04-28 14:21:48 - __main__ - INFO - Starting application
2025-04-28 14:21:48 - __main__ - INFO - Selected disease model: Heart Failure
2025-04-28 14:21:48 - __main__ - INFO - Application shutdown
2025-04-28 14:21:51 - __main__ - INFO - Starting application
2025-04-28 14:21:51 - __main__ - INFO - Selected disease model: Heart Failure
2025-04-28 14:21:51 - __main__ - INFO - Heart Failure API response status: 200
2025-04-28 14:21:51 - __main__ - INFO - Application shutdown
