2024-08-09 17:16:16 - __main__ - INFO - Starting application
2024-08-09 17:16:16 - __main__ - INFO - Selected disease model: Select a model
2024-08-09 17:16:16 - __main__ - INFO - Application shutdown
2024-08-09 17:16:23 - __main__ - INFO - Starting application
2024-08-09 17:16:23 - __main__ - INFO - Selected disease model: Heart Failure
2024-08-09 17:16:23 - __main__ - INFO - Application shutdown
2024-08-09 17:16:25 - __main__ - INFO - Starting application
2024-08-09 17:16:25 - __main__ - INFO - Selected disease model: Heart Failure
2024-08-09 17:16:36 - __main__ - INFO - Application shutdown
2024-08-09 17:16:40 - __main__ - INFO - Starting application
2024-08-09 17:16:40 - __main__ - INFO - Selected disease model: Select a model
2024-08-09 17:16:40 - __main__ - INFO - Application shutdown
2024-08-09 17:16:41 - __main__ - INFO - Starting application
2024-08-09 17:16:41 - __main__ - INFO - Selected disease model: Select a model
2024-08-09 17:16:41 - __main__ - INFO - Application shutdown
2024-08-09 17:16:45 - __main__ - INFO - Starting application
2024-08-09 17:16:45 - __main__ - INFO - Selected disease model: Select a model
2024-08-09 17:16:45 - __main__ - INFO - Application shutdown
2024-08-09 17:16:46 - __main__ - INFO - Starting application
2024-08-09 17:16:46 - __main__ - INFO - Selected disease model: Select a model
2024-08-09 17:16:46 - __main__ - INFO - Application shutdown
2024-08-09 17:16:49 - __main__ - INFO - Starting application
2024-08-09 17:16:49 - __main__ - INFO - Selected disease model: Select a model
2024-08-09 17:16:49 - __main__ - INFO - Application shutdown
2024-08-09 17:16:52 - __main__ - INFO - Starting application
2024-08-09 17:16:52 - __main__ - INFO - Selected disease model: Select a model
2024-08-09 17:16:52 - __main__ - INFO - Application shutdown
2024-08-14 21:27:53 - __main__ - INFO - Starting application
2024-08-14 21:27:53 - __main__ - INFO - Selected disease model: Select a model
2024-08-14 21:27:53 - __main__ - INFO - Application shutdown
2024-08-16 15:37:26 - __main__ - INFO - Starting application
2024-08-16 15:37:26 - __main__ - INFO - Selected disease model: Select a model
2024-08-16 15:37:26 - __main__ - INFO - Application shutdown
2024-08-16 15:37:33 - __main__ - INFO - Starting application
2024-08-16 15:37:33 - __main__ - INFO - Selected disease model: Heart Failure
2024-08-16 15:37:33 - __main__ - INFO - Application shutdown
2024-08-16 15:37:36 - __main__ - INFO - Starting application
2024-08-16 15:37:36 - __main__ - INFO - Selected disease model: Heart Failure
2024-08-16 15:37:45 - __main__ - INFO - Starting application
2024-08-16 15:37:45 - __main__ - INFO - Selected disease model: Heart Failure
2024-08-16 15:37:49 - __main__ - INFO - Starting application
2024-08-16 15:37:49 - __main__ - INFO - Selected disease model: Diabetes
2024-08-16 15:37:49 - __main__ - INFO - Application shutdown
2024-08-16 15:37:50 - __main__ - INFO - Starting application
2024-08-16 15:37:50 - __main__ - INFO - Selected disease model: Diabetes
2024-08-16 15:38:01 - __main__ - INFO - Diabetes API response status: 200
2024-08-16 15:38:01 - __main__ - INFO - Application shutdown
2024-08-16 15:38:05 - __main__ - INFO - Starting application
2024-08-16 15:38:05 - __main__ - INFO - Selected disease model: Select a model
2024-08-16 15:38:05 - __main__ - INFO - Application shutdown
2024-08-16 15:38:06 - __main__ - INFO - Starting application
2024-08-16 15:38:06 - __main__ - INFO - Selected disease model: Select a model
2024-08-16 15:38:06 - __main__ - INFO - Application shutdown
2024-08-16 15:38:11 - __main__ - INFO - Starting application
2024-08-16 15:38:11 - __main__ - INFO - Selected disease model: Select a model
2024-08-16 15:38:11 - __main__ - INFO - Application shutdown
2024-08-16 15:38:11 - __main__ - INFO - Starting application
2024-08-16 15:38:11 - __main__ - INFO - Selected disease model: Select a model
2024-08-16 15:38:12 - __main__ - INFO - Chatbot API Response status: 200
2024-08-16 15:38:12 - __main__ - INFO - Application shutdown
2024-08-16 15:38:14 - __main__ - INFO - Starting application
2024-08-16 15:38:14 - __main__ - INFO - Selected disease model: Select a model
2024-08-16 15:38:14 - __main__ - INFO - Application shutdown
2024-08-16 15:38:15 - __main__ - INFO - Starting application
2024-08-16 15:38:15 - __main__ - INFO - Selected disease model: Select a model
2024-08-16 15:38:15 - __main__ - INFO - Calorie API response status: 200
2024-08-16 15:38:15 - __main__ - INFO - Application shutdown
2024-08-16 15:38:20 - __main__ - INFO - Starting application
2024-08-16 15:38:20 - __main__ - INFO - Selected disease model: Heart Failure
2024-08-16 15:38:20 - __main__ - INFO - Application shutdown
2024-08-16 15:38:21 - __main__ - INFO - Starting application
2024-08-16 15:38:21 - __main__ - INFO - Selected disease model: Heart Failure
2024-08-16 15:38:21 - __main__ - INFO - Heart Failure API response status: 200
2024-08-16 15:38:21 - __main__ - INFO - Application shutdown
