2024-08-09 11:46:11,129 - INFO - Model saved successfully.
2024-08-09 11:46:11,194 - INFO - [31m[1mWARNING: This is a development server. Do not use it in a production deployment. Use a production WSGI server instead.[0m
 * Running on http://127.0.0.1:5000
2024-08-09 11:46:11,194 - INFO - [33mPress CTRL+C to quit[0m
2024-08-09 11:46:11,202 - INFO -  * Restarting with watchdog (windowsapi)
2024-08-09 11:46:13,037 - INFO - Model saved successfully.
2024-08-09 11:46:13,070 - WARNING -  * Debugger is active!
2024-08-09 11:46:13,070 - INFO -  * Debugger PIN: 348-548-431
2024-08-09 11:46:42,858 - INFO - API call: /load_data
2024-08-09 11:46:42,868 - INFO - 127.0.0.1 - - [09/Aug/2024 11:46:42] "POST /bs/load_data HTTP/1.1" 200 -
2024-08-09 11:46:49,118 - INFO - API call: /process_data
2024-08-09 11:46:49,138 - INFO - 127.0.0.1 - - [09/Aug/2024 11:46:49] "POST /bs/process_data HTTP/1.1" 200 -
2024-08-09 11:46:56,062 - INFO - API call: /model
2024-08-09 11:46:56,068 - INFO - 127.0.0.1 - - [09/Aug/2024 11:46:56] "POST /bs/model HTTP/1.1" 200 -
2024-08-09 11:47:02,006 - INFO - API call: /train_model
2024-08-09 11:47:02,608 - INFO - 127.0.0.1 - - [09/Aug/2024 11:47:02] "POST /bs/train_model HTTP/1.1" 200 -
2024-08-09 11:47:11,366 - INFO - API call: /save_model
2024-08-09 11:47:11,423 - INFO - Model saved successfully.
2024-08-09 11:47:11,428 - INFO - 127.0.0.1 - - [09/Aug/2024 11:47:11] "POST /bs/save_model HTTP/1.1" 200 -
2024-08-09 11:47:19,134 - INFO - API call: /evaluate
2024-08-09 11:47:19,178 - INFO - 127.0.0.1 - - [09/Aug/2024 11:47:19] "POST /bs/evaluate HTTP/1.1" 200 -
2024-08-09 11:53:14,196 - INFO - Model loaded successfully.
2024-08-09 11:53:14,527 - INFO - Model loaded successfully.
2024-08-09 11:53:14,579 - INFO - Model loaded successfully.
2024-08-09 11:53:14,591 - INFO - Model loaded successfully.
2024-08-09 11:53:15,278 - INFO - Use pytorch device_name: cpu
2024-08-09 11:53:15,278 - INFO - Load pretrained SentenceTransformer: all-MiniLM-L6-v2
2024-08-09 11:53:16,961 - INFO - Model loaded successfully.
2024-08-09 11:53:16,961 - INFO - Starting application
2024-08-09 11:53:16,978 - INFO - [31m[1mWARNING: This is a development server. Do not use it in a production deployment. Use a production WSGI server instead.[0m
 * Running on http://127.0.0.1:5000
2024-08-09 11:53:16,978 - INFO - [33mPress CTRL+C to quit[0m
2024-08-09 11:53:16,986 - INFO -  * Restarting with watchdog (windowsapi)
2024-08-09 11:53:25,675 - INFO - Model loaded successfully.
2024-08-09 11:53:25,958 - INFO - Model loaded successfully.
2024-08-09 11:53:25,958 - INFO - Model loaded successfully.
2024-08-09 11:53:25,965 - INFO - Model loaded successfully.
2024-08-09 11:53:26,377 - INFO - Use pytorch device_name: cpu
2024-08-09 11:53:26,377 - INFO - Load pretrained SentenceTransformer: all-MiniLM-L6-v2
2024-08-09 11:53:27,723 - INFO - Model loaded successfully.
2024-08-09 11:53:27,723 - INFO - Starting application
2024-08-09 11:53:27,739 - WARNING -  * Debugger is active!
2024-08-09 11:53:27,739 - INFO -  * Debugger PIN: 348-548-431
2024-08-09 11:53:29,128 - INFO - API call: /is_diabetes
2024-08-09 11:53:29,170 - INFO - 127.0.0.1 - - [09/Aug/2024 11:53:29] "POST /api/is_diabetes HTTP/1.1" 200 -
2024-08-09 11:53:36,319 - INFO - API call: /is_diabetes
2024-08-09 11:53:36,334 - INFO - 127.0.0.1 - - [09/Aug/2024 11:53:36] "POST /api/is_diabetes HTTP/1.1" 200 -
2024-08-09 11:53:40,668 - INFO - API call: /is_heart
2024-08-09 11:53:40,732 - INFO - 127.0.0.1 - - [09/Aug/2024 11:53:40] "POST /api/is_heart HTTP/1.1" 200 -
2024-08-09 11:53:52,287 - INFO - API call: /get_answer
2024-08-09 11:53:52,349 - INFO -  * Detected change in 'C:\\Users\\vishv\\OneDrive\\Documents\\AIML\\ML_Framework\\CSCN8010-Mycopy\\venv\\tensorflow_cpu\\Lib\\site-packages\\torch\\_dynamo\\config.py', reloading
2024-08-09 11:53:52,417 - INFO -  * Detected change in 'C:\\Users\\vishv\\OneDrive\\Documents\\AIML\\ML_Framework\\CSCN8010-Mycopy\\venv\\tensorflow_cpu\\Lib\\site-packages\\torch\\_functorch\\config.py', reloading
2024-08-09 11:53:52,433 - INFO -  * Detected change in 'C:\\Users\\vishv\\OneDrive\\Documents\\AIML\\ML_Framework\\CSCN8010-Mycopy\\venv\\tensorflow_cpu\\Lib\\site-packages\\torch\\_inductor\\test_operators.py', reloading
2024-08-09 11:53:52,789 - INFO -  * Detected change in 'C:\\Users\\vishv\\OneDrive\\Documents\\AIML\\ML_Framework\\CSCN8010-Mycopy\\venv\\tensorflow_cpu\\Lib\\site-packages\\torch\\_inductor\\config.py', reloading
2024-08-09 11:53:55,607 - INFO -  * Restarting with watchdog (windowsapi)
2024-08-09 11:54:03,973 - INFO - Model loaded successfully.
2024-08-09 11:54:04,247 - INFO - Model loaded successfully.
2024-08-09 11:54:04,250 - INFO - Model loaded successfully.
2024-08-09 11:54:04,251 - INFO - Model loaded successfully.
2024-08-09 11:54:04,634 - INFO - Use pytorch device_name: cpu
2024-08-09 11:54:04,634 - INFO - Load pretrained SentenceTransformer: all-MiniLM-L6-v2
2024-08-09 11:54:06,020 - INFO - Model loaded successfully.
2024-08-09 11:54:06,021 - INFO - Starting application
2024-08-09 11:54:06,031 - WARNING -  * Debugger is active!
2024-08-09 11:54:06,034 - INFO -  * Debugger PIN: 348-548-431
2024-08-09 11:54:06,236 - INFO - API call: /get_answer
2024-08-09 11:54:06,626 - INFO -  * Detected change in 'C:\\Users\\vishv\\OneDrive\\Documents\\AIML\\ML_Framework\\CSCN8010-Mycopy\\venv\\tensorflow_cpu\\Lib\\site-packages\\torch\\distributed\\_functional_collectives.py', reloading
2024-08-09 11:54:06,899 - INFO -  * Detected change in 'C:\\Users\\vishv\\OneDrive\\Documents\\AIML\\ML_Framework\\CSCN8010-Mycopy\\venv\\tensorflow_cpu\\Lib\\site-packages\\torch\\_library\\abstract_impl.py', reloading
2024-08-09 11:54:07,069 - INFO -  * Detected change in 'C:\\Users\\vishv\\AppData\\Local\\Programs\\Python\\Python311\\Lib\\contextlib.py', reloading
2024-08-09 11:54:07,230 - INFO - 127.0.0.1 - - [09/Aug/2024 11:54:07] "POST /api/get_answer HTTP/1.1" 200 -
2024-08-09 11:54:09,775 - INFO -  * Restarting with watchdog (windowsapi)
2024-08-09 11:54:17,406 - INFO - Model loaded successfully.
2024-08-09 11:54:17,663 - INFO - Model loaded successfully.
2024-08-09 11:54:17,663 - INFO - Model loaded successfully.
2024-08-09 11:54:17,663 - INFO - Model loaded successfully.
2024-08-09 11:54:18,000 - INFO - Use pytorch device_name: cpu
2024-08-09 11:54:18,000 - INFO - Load pretrained SentenceTransformer: all-MiniLM-L6-v2
2024-08-09 11:54:19,387 - INFO - Model loaded successfully.
2024-08-09 11:54:19,387 - INFO - Starting application
2024-08-09 11:54:19,395 - WARNING -  * Debugger is active!
2024-08-09 11:54:19,395 - INFO -  * Debugger PIN: 348-548-431
2024-08-09 11:54:19,595 - INFO - API call: /calorie_maintenance
2024-08-09 11:54:19,606 - INFO - 127.0.0.1 - - [09/Aug/2024 11:54:19] "POST /api/calorie_maintenance HTTP/1.1" 200 -
2024-08-09 11:56:33,898 - INFO - Application shutdown
2024-08-09 11:56:36,131 - INFO - Application shutdown
2024-08-09 12:12:46,818 - INFO - Model loaded successfully.
2024-08-09 12:12:47,054 - INFO - Model loaded successfully.
2024-08-09 12:12:47,054 - INFO - Model loaded successfully.
2024-08-09 12:12:47,055 - INFO - Model loaded successfully.
2024-08-09 12:12:47,385 - INFO - Use pytorch device_name: cpu
2024-08-09 12:12:47,385 - INFO - Load pretrained SentenceTransformer: all-MiniLM-L6-v2
2024-08-09 12:12:48,642 - INFO - Model loaded successfully.
2024-08-09 12:12:48,659 - INFO - [31m[1mWARNING: This is a development server. Do not use it in a production deployment. Use a production WSGI server instead.[0m
 * Running on http://127.0.0.1:5000
2024-08-09 12:12:48,659 - INFO - [33mPress CTRL+C to quit[0m
2024-08-09 12:12:48,667 - INFO -  * Restarting with watchdog (windowsapi)
2024-08-09 12:12:56,644 - INFO - Model loaded successfully.
2024-08-09 12:12:56,916 - INFO - Model loaded successfully.
2024-08-09 12:12:56,916 - INFO - Model loaded successfully.
2024-08-09 12:12:56,916 - INFO - Model loaded successfully.
2024-08-09 12:12:57,293 - INFO - Use pytorch device_name: cpu
2024-08-09 12:12:57,293 - INFO - Load pretrained SentenceTransformer: all-MiniLM-L6-v2
2024-08-09 12:12:58,966 - INFO - Model loaded successfully.
2024-08-09 12:12:58,983 - WARNING -  * Debugger is active!
2024-08-09 12:12:58,983 - INFO -  * Debugger PIN: 348-548-431
2024-08-09 12:13:25,927 - INFO - 127.0.0.1 - - [09/Aug/2024 12:13:25] "POST /api/get_answer HTTP/1.1" 200 -
2024-08-09 12:13:42,671 - INFO - 127.0.0.1 - - [09/Aug/2024 12:13:42] "POST /api/get_answer HTTP/1.1" 200 -
2024-08-09 12:13:52,771 - INFO - 127.0.0.1 - - [09/Aug/2024 12:13:52] "POST /api/calorie_maintenance HTTP/1.1" 200 -
2024-08-09 12:13:57,845 - INFO - 127.0.0.1 - - [09/Aug/2024 12:13:57] "POST /api/is_heart HTTP/1.1" 200 -
2024-08-09 12:14:01,292 - INFO - 127.0.0.1 - - [09/Aug/2024 12:14:01] "POST /api/is_diabetes HTTP/1.1" 200 -
2024-08-09 12:14:06,161 - INFO - 127.0.0.1 - - [09/Aug/2024 12:14:06] "POST /api/is_stroke HTTP/1.1" 200 -
2024-08-09 12:14:11,021 - INFO - 127.0.0.1 - - [09/Aug/2024 12:14:11] "POST /api/is_kidney HTTP/1.1" 200 -
2024-08-09 12:14:29,324 - INFO -  * Detected change in 'C:\\Users\\vishv\\OneDrive\\Documents\\AIML\\ML_Framework\\CSCN8010-Mycopy\\venv\\tensorflow_cpu\\Lib\\site-packages\\keras\\engine\\training.py', reloading
2024-08-09 12:14:29,607 - INFO - 127.0.0.1 - - [09/Aug/2024 12:14:29] "POST /api/is_lung HTTP/1.1" 200 -
2024-08-09 12:14:31,955 - INFO -  * Restarting with watchdog (windowsapi)
2024-08-09 12:14:40,059 - INFO - Model loaded successfully.
2024-08-09 12:14:40,315 - INFO - Model loaded successfully.
2024-08-09 12:14:40,348 - INFO - Model loaded successfully.
2024-08-09 12:14:40,348 - INFO - Model loaded successfully.
2024-08-09 12:14:40,709 - INFO - Use pytorch device_name: cpu
2024-08-09 12:14:40,709 - INFO - Load pretrained SentenceTransformer: all-MiniLM-L6-v2
2024-08-09 12:14:41,918 - INFO - Model loaded successfully.
2024-08-09 12:14:41,932 - WARNING -  * Debugger is active!
2024-08-09 12:14:41,934 - INFO -  * Debugger PIN: 348-548-431
2024-08-09 12:14:46,789 - INFO - 127.0.0.1 - - [09/Aug/2024 12:14:46] "POST /api/is_lung HTTP/1.1" 200 -
2024-08-09 12:15:04,412 - INFO - 127.0.0.1 - - [09/Aug/2024 12:15:04] "POST /api/is_tumor HTTP/1.1" 200 -
2024-08-09 12:26:17,183 - INFO - Model loaded successfully.
2024-08-09 12:26:17,414 - INFO - Model loaded successfully.
2024-08-09 12:26:17,418 - INFO - Model loaded successfully.
2024-08-09 12:26:17,418 - INFO - Model loaded successfully.
2024-08-09 12:26:17,748 - INFO - Use pytorch device_name: cpu
2024-08-09 12:26:17,748 - INFO - Load pretrained SentenceTransformer: all-MiniLM-L6-v2
2024-08-09 12:26:19,045 - INFO - Model loaded successfully.
2024-08-09 12:26:19,061 - INFO - [31m[1mWARNING: This is a development server. Do not use it in a production deployment. Use a production WSGI server instead.[0m
 * Running on http://127.0.0.1:5000
2024-08-09 12:26:19,061 - INFO - [33mPress CTRL+C to quit[0m
2024-08-09 12:26:19,070 - INFO -  * Restarting with watchdog (windowsapi)
2024-08-09 12:26:26,967 - INFO - Model loaded successfully.
2024-08-09 12:26:27,252 - INFO - Model loaded successfully.
2024-08-09 12:26:27,252 - INFO - Model loaded successfully.
2024-08-09 12:26:27,252 - INFO - Model loaded successfully.
2024-08-09 12:26:27,683 - INFO - Use pytorch device_name: cpu
2024-08-09 12:26:27,683 - INFO - Load pretrained SentenceTransformer: all-MiniLM-L6-v2
2024-08-09 12:26:28,841 - INFO - Model loaded successfully.
2024-08-09 12:26:28,850 - WARNING -  * Debugger is active!
2024-08-09 12:26:28,850 - INFO -  * Debugger PIN: 348-548-431
2024-08-09 12:26:40,473 - INFO - 127.0.0.1 - - [09/Aug/2024 12:26:40] "POST /api/get_answer HTTP/1.1" 200 -
2024-08-09 12:26:45,095 - INFO - 127.0.0.1 - - [09/Aug/2024 12:26:45] "POST /api/calorie_maintenance HTTP/1.1" 200 -
2024-08-09 12:26:49,436 - INFO - 127.0.0.1 - - [09/Aug/2024 12:26:49] "POST /api/is_heart HTTP/1.1" 200 -
2024-08-09 12:26:54,127 - INFO - 127.0.0.1 - - [09/Aug/2024 12:26:54] "POST /api/is_stroke HTTP/1.1" 200 -
2024-08-09 12:26:59,212 - INFO - 127.0.0.1 - - [09/Aug/2024 12:26:59] "POST /api/is_diabetes HTTP/1.1" 200 -
2024-08-09 13:05:38,647 - INFO - Model loaded successfully.
2024-08-09 13:05:38,895 - INFO - Model loaded successfully.
2024-08-09 13:05:38,895 - INFO - Model loaded successfully.
2024-08-09 13:05:38,895 - INFO - Model loaded successfully.
2024-08-09 13:05:39,234 - INFO - Use pytorch device_name: cpu
2024-08-09 13:05:39,234 - INFO - Load pretrained SentenceTransformer: all-MiniLM-L6-v2
2024-08-09 13:05:40,660 - INFO - Model loaded successfully.
2024-08-09 13:05:40,682 - INFO - [31m[1mWARNING: This is a development server. Do not use it in a production deployment. Use a production WSGI server instead.[0m
 * Running on http://127.0.0.1:5000
2024-08-09 13:05:40,682 - INFO - [33mPress CTRL+C to quit[0m
2024-08-09 13:05:40,693 - INFO -  * Restarting with watchdog (windowsapi)
2024-08-09 13:05:49,045 - INFO - Model loaded successfully.
2024-08-09 13:05:49,377 - INFO - Model loaded successfully.
2024-08-09 13:05:49,377 - INFO - Model loaded successfully.
2024-08-09 13:05:49,377 - INFO - Model loaded successfully.
2024-08-09 13:05:49,806 - INFO - Use pytorch device_name: cpu
2024-08-09 13:05:49,806 - INFO - Load pretrained SentenceTransformer: all-MiniLM-L6-v2
2024-08-09 13:05:51,952 - INFO - Model loaded successfully.
2024-08-09 13:05:51,960 - WARNING -  * Debugger is active!
2024-08-09 13:05:51,968 - INFO -  * Debugger PIN: 348-548-431
2024-08-09 13:05:52,218 - INFO -  * Detected change in 'c:\\Users\\vishv\\OneDrive\\Documents\\AIML_2\\Project\\frontend\\interface.py', reloading
2024-08-09 13:05:52,942 - INFO -  * Detected change in 'C:\\Users\\vishv\\OneDrive\\Documents\\AIML\\ML_Framework\\CSCN8010-Mycopy\\venv\\tensorflow_cpu\\Lib\\site-packages\\streamlit\\env_util.py', reloading
2024-08-09 13:05:52,944 - INFO -  * Detected change in 'C:\\Users\\vishv\\OneDrive\\Documents\\AIML\\ML_Framework\\CSCN8010-Mycopy\\venv\\tensorflow_cpu\\Lib\\site-packages\\streamlit\\runtime\\scriptrunner\\script_runner.py', reloading
2024-08-09 13:05:52,948 - INFO -  * Detected change in 'C:\\Users\\vishv\\AppData\\Local\\Programs\\Python\\Python311\\Lib\\threading.py', reloading
2024-08-09 13:05:54,704 - INFO -  * Restarting with watchdog (windowsapi)
2024-08-09 13:06:04,477 - INFO - Model loaded successfully.
2024-08-09 13:06:04,842 - INFO - Model loaded successfully.
2024-08-09 13:06:04,842 - INFO - Model loaded successfully.
2024-08-09 13:06:04,842 - INFO - Model loaded successfully.
2024-08-09 13:06:05,360 - INFO - Use pytorch device_name: cpu
2024-08-09 13:06:05,364 - INFO - Load pretrained SentenceTransformer: all-MiniLM-L6-v2
2024-08-09 13:06:06,490 - INFO - Model loaded successfully.
2024-08-09 13:06:06,524 - WARNING -  * Debugger is active!
2024-08-09 13:06:06,524 - INFO -  * Debugger PIN: 348-548-431
2024-08-09 13:06:06,815 - INFO -  * Detected change in 'C:\\Users\\vishv\\OneDrive\\Documents\\AIML\\ML_Framework\\CSCN8010-Mycopy\\venv\\tensorflow_cpu\\Lib\\site-packages\\torch\\_dynamo\\config.py', reloading
2024-08-09 13:06:06,862 - INFO -  * Detected change in 'C:\\Users\\vishv\\OneDrive\\Documents\\AIML\\ML_Framework\\CSCN8010-Mycopy\\venv\\tensorflow_cpu\\Lib\\site-packages\\torch\\_functorch\\config.py', reloading
2024-08-09 13:06:06,874 - INFO -  * Detected change in 'C:\\Users\\vishv\\OneDrive\\Documents\\AIML\\ML_Framework\\CSCN8010-Mycopy\\venv\\tensorflow_cpu\\Lib\\site-packages\\torch\\_inductor\\test_operators.py', reloading
2024-08-09 13:06:07,178 - INFO -  * Detected change in 'C:\\Users\\vishv\\OneDrive\\Documents\\AIML\\ML_Framework\\CSCN8010-Mycopy\\venv\\tensorflow_cpu\\Lib\\site-packages\\torch\\_inductor\\config.py', reloading
2024-08-09 13:06:07,260 - INFO -  * Detected change in 'C:\\Users\\vishv\\OneDrive\\Documents\\AIML\\ML_Framework\\CSCN8010-Mycopy\\venv\\tensorflow_cpu\\Lib\\site-packages\\torch\\distributed\\_functional_collectives.py', reloading
2024-08-09 13:06:07,528 - INFO -  * Detected change in 'C:\\Users\\vishv\\OneDrive\\Documents\\AIML\\ML_Framework\\CSCN8010-Mycopy\\venv\\tensorflow_cpu\\Lib\\site-packages\\torch\\_library\\abstract_impl.py', reloading
2024-08-09 13:06:07,682 - INFO -  * Detected change in 'C:\\Users\\vishv\\AppData\\Local\\Programs\\Python\\Python311\\Lib\\contextlib.py', reloading
2024-08-09 13:06:07,834 - INFO - 127.0.0.1 - - [09/Aug/2024 13:06:07] "POST /api/get_answer HTTP/1.1" 200 -
2024-08-09 13:06:09,804 - INFO -  * Restarting with watchdog (windowsapi)
2024-08-09 13:06:17,465 - INFO - Model loaded successfully.
2024-08-09 13:06:17,715 - INFO - Model loaded successfully.
2024-08-09 13:06:17,715 - INFO - Model loaded successfully.
2024-08-09 13:06:17,715 - INFO - Model loaded successfully.
2024-08-09 13:06:18,062 - INFO - Use pytorch device_name: cpu
2024-08-09 13:06:18,062 - INFO - Load pretrained SentenceTransformer: all-MiniLM-L6-v2
2024-08-09 13:06:19,263 - INFO - Model loaded successfully.
2024-08-09 13:06:19,271 - WARNING -  * Debugger is active!
2024-08-09 13:06:19,271 - INFO -  * Debugger PIN: 348-548-431
2024-08-09 13:06:19,540 - INFO - 127.0.0.1 - - [09/Aug/2024 13:06:19] "POST /api/calorie_maintenance HTTP/1.1" 200 -
2024-08-09 13:06:26,873 - INFO - 127.0.0.1 - - [09/Aug/2024 13:06:26] "POST /api/is_diabetes HTTP/1.1" 200 -
2024-08-09 17:16:18,059 - INFO - Model loaded successfully.
2024-08-09 17:16:18,073 - INFO - Model loaded successfully.
2024-08-09 17:16:18,076 - INFO - Model loaded successfully.
2024-08-09 17:16:18,085 - INFO - Model loaded successfully.
2024-08-09 17:16:19,760 - INFO - Use pytorch device_name: cpu
2024-08-09 17:16:19,760 - INFO - Load pretrained SentenceTransformer: all-MiniLM-L6-v2
2024-08-09 17:16:24,810 - INFO - Model loaded successfully.
2024-08-09 17:16:24,825 - INFO - [31m[1mWARNING: This is a development server. Do not use it in a production deployment. Use a production WSGI server instead.[0m
 * Running on http://127.0.0.1:5000
2024-08-09 17:16:24,825 - INFO - [33mPress CTRL+C to quit[0m
2024-08-09 17:16:24,828 - INFO -  * Restarting with watchdog (inotify)
2024-08-09 17:16:33,139 - INFO - Model loaded successfully.
2024-08-09 17:16:33,150 - INFO - Model loaded successfully.
2024-08-09 17:16:33,152 - INFO - Model loaded successfully.
2024-08-09 17:16:33,158 - INFO - Model loaded successfully.
2024-08-09 17:16:34,567 - INFO - Use pytorch device_name: cpu
2024-08-09 17:16:34,567 - INFO - Load pretrained SentenceTransformer: all-MiniLM-L6-v2
2024-08-09 17:16:36,040 - INFO - Model loaded successfully.
2024-08-09 17:16:36,051 - WARNING -  * Debugger is active!
2024-08-09 17:16:36,054 - INFO -  * Debugger PIN: 116-389-774
2024-08-09 17:16:36,842 - INFO - 127.0.0.1 - - [09/Aug/2024 17:16:36] "POST /api/is_heart HTTP/1.1" 200 -
2024-08-09 17:16:46,509 - INFO - 127.0.0.1 - - [09/Aug/2024 17:16:46] "POST /api/get_answer HTTP/1.1" 200 -
2024-08-09 17:16:52,125 - INFO - 127.0.0.1 - - [09/Aug/2024 17:16:52] "POST /api/calorie_maintenance HTTP/1.1" 200 -
2024-08-13 17:53:27,039 - INFO - Model loaded successfully.
2024-08-13 17:53:27,687 - INFO - Model loaded successfully.
2024-08-13 17:53:27,695 - INFO - Model loaded successfully.
2024-08-13 17:53:27,706 - INFO - Model loaded successfully.
2024-08-13 17:53:28,444 - INFO - Use pytorch device_name: cpu
2024-08-13 17:53:28,444 - INFO - Load pretrained SentenceTransformer: all-MiniLM-L6-v2
2024-08-13 17:53:30,619 - INFO - Model loaded successfully.
2024-08-13 17:53:30,643 - INFO - [31m[1mWARNING: This is a development server. Do not use it in a production deployment. Use a production WSGI server instead.[0m
 * Running on http://127.0.0.1:5000
2024-08-13 17:53:30,643 - INFO - [33mPress CTRL+C to quit[0m
2024-08-13 17:53:30,660 - INFO -  * Restarting with watchdog (windowsapi)
2024-08-13 17:53:41,433 - INFO - Model loaded successfully.
2024-08-13 17:53:41,790 - INFO - Model loaded successfully.
2024-08-13 17:53:41,790 - INFO - Model loaded successfully.
2024-08-13 17:53:41,790 - INFO - Model loaded successfully.
2024-08-13 17:53:42,748 - INFO - Use pytorch device_name: cpu
2024-08-13 17:53:42,748 - INFO - Load pretrained SentenceTransformer: all-MiniLM-L6-v2
2024-08-13 17:53:44,450 - INFO - Model loaded successfully.
2024-08-13 17:53:44,466 - WARNING -  * Debugger is active!
2024-08-13 17:53:44,473 - INFO -  * Debugger PIN: 348-548-431
2024-08-13 17:53:50,854 - INFO -  * Detected change in 'C:\\Users\\vishv\\OneDrive\\Documents\\AIML\\ML_Framework\\CSCN8010-Mycopy\\venv\\tensorflow_cpu\\Lib\\site-packages\\streamlit\\env_util.py', reloading
2024-08-13 17:53:50,863 - INFO -  * Detected change in 'C:\\Users\\vishv\\OneDrive\\Documents\\AIML\\ML_Framework\\CSCN8010-Mycopy\\venv\\tensorflow_cpu\\Lib\\site-packages\\streamlit\\delta_generator.py', reloading
2024-08-13 17:53:50,879 - INFO -  * Detected change in 'C:\\Users\\vishv\\OneDrive\\Documents\\AIML\\ML_Framework\\CSCN8010-Mycopy\\venv\\tensorflow_cpu\\Lib\\site-packages\\streamlit\\elements\\heading.py', reloading
2024-08-13 17:53:50,896 - INFO -  * Detected change in 'C:\\Users\\vishv\\OneDrive\\Documents\\AIML\\ML_Framework\\CSCN8010-Mycopy\\venv\\tensorflow_cpu\\Lib\\site-packages\\streamlit\\runtime\\metrics_util.py', reloading
2024-08-13 17:53:50,911 - INFO -  * Detected change in 'C:\\Users\\vishv\\OneDrive\\Documents\\AIML\\ML_Framework\\CSCN8010-Mycopy\\venv\\tensorflow_cpu\\Lib\\site-packages\\streamlit\\runtime\\scriptrunner\\script_runner.py', reloading
2024-08-13 17:53:50,919 - INFO -  * Detected change in 'C:\\Users\\vishv\\AppData\\Local\\Programs\\Python\\Python311\\Lib\\threading.py', reloading
2024-08-13 17:53:53,992 - INFO -  * Restarting with watchdog (windowsapi)
2024-08-13 17:54:05,706 - INFO - Model loaded successfully.
2024-08-13 17:54:06,148 - INFO - Model loaded successfully.
2024-08-13 17:54:06,201 - INFO - Model loaded successfully.
2024-08-13 17:54:06,209 - INFO - Model loaded successfully.
2024-08-13 17:54:07,149 - INFO - Use pytorch device_name: cpu
2024-08-13 17:54:07,150 - INFO - Load pretrained SentenceTransformer: all-MiniLM-L6-v2
2024-08-13 17:54:09,023 - INFO - Model loaded successfully.
2024-08-13 17:54:09,064 - WARNING -  * Debugger is active!
2024-08-13 17:54:09,064 - INFO -  * Debugger PIN: 348-548-431
2024-08-13 17:55:05,412 - INFO - 127.0.0.1 - - [13/Aug/2024 17:55:05] "POST /api/is_heart HTTP/1.1" 200 -
2024-08-13 17:55:40,763 - INFO - 127.0.0.1 - - [13/Aug/2024 17:55:40] "POST /api/is_diabetes HTTP/1.1" 200 -
2024-08-13 17:56:45,514 - INFO -  * Detected change in 'C:\\Users\\vishv\\OneDrive\\Documents\\AIML\\ML_Framework\\CSCN8010-Mycopy\\venv\\tensorflow_cpu\\Lib\\site-packages\\keras\\engine\\training.py', reloading
2024-08-13 17:56:46,057 - INFO - 127.0.0.1 - - [13/Aug/2024 17:56:46] "POST /api/is_lung HTTP/1.1" 200 -
2024-08-13 17:56:49,585 - INFO -  * Restarting with watchdog (windowsapi)
2024-08-13 17:57:01,363 - INFO - Model loaded successfully.
2024-08-13 17:57:01,865 - INFO - Model loaded successfully.
2024-08-13 17:57:01,927 - INFO - Model loaded successfully.
2024-08-13 17:57:01,935 - INFO - Model loaded successfully.
2024-08-13 17:57:02,903 - INFO - Use pytorch device_name: cpu
2024-08-13 17:57:02,903 - INFO - Load pretrained SentenceTransformer: all-MiniLM-L6-v2
2024-08-13 17:57:04,827 - INFO - Model loaded successfully.
2024-08-13 17:57:04,835 - WARNING -  * Debugger is active!
2024-08-13 17:57:04,843 - INFO -  * Debugger PIN: 348-548-431
2024-08-13 17:57:23,160 - INFO - 127.0.0.1 - - [13/Aug/2024 17:57:23] "POST /api/is_tumor HTTP/1.1" 200 -
2024-08-13 17:57:37,259 - INFO - 127.0.0.1 - - [13/Aug/2024 17:57:37] "POST /api/is_tumor HTTP/1.1" 200 -
2024-08-13 17:57:58,918 - INFO -  * Detected change in 'C:\\Users\\vishv\\OneDrive\\Documents\\AIML\\ML_Framework\\CSCN8010-Mycopy\\venv\\tensorflow_cpu\\Lib\\site-packages\\torch\\_dynamo\\config.py', reloading
2024-08-13 17:57:58,991 - INFO -  * Detected change in 'C:\\Users\\vishv\\OneDrive\\Documents\\AIML\\ML_Framework\\CSCN8010-Mycopy\\venv\\tensorflow_cpu\\Lib\\site-packages\\torch\\_functorch\\config.py', reloading
2024-08-13 17:57:59,007 - INFO -  * Detected change in 'C:\\Users\\vishv\\OneDrive\\Documents\\AIML\\ML_Framework\\CSCN8010-Mycopy\\venv\\tensorflow_cpu\\Lib\\site-packages\\torch\\_inductor\\test_operators.py', reloading
2024-08-13 17:57:59,441 - INFO -  * Detected change in 'C:\\Users\\vishv\\OneDrive\\Documents\\AIML\\ML_Framework\\CSCN8010-Mycopy\\venv\\tensorflow_cpu\\Lib\\site-packages\\torch\\_inductor\\config.py', reloading
2024-08-13 17:57:59,551 - INFO -  * Detected change in 'C:\\Users\\vishv\\OneDrive\\Documents\\AIML\\ML_Framework\\CSCN8010-Mycopy\\venv\\tensorflow_cpu\\Lib\\site-packages\\torch\\distributed\\_functional_collectives.py', reloading
2024-08-13 17:57:59,983 - INFO -  * Detected change in 'C:\\Users\\vishv\\OneDrive\\Documents\\AIML\\ML_Framework\\CSCN8010-Mycopy\\venv\\tensorflow_cpu\\Lib\\site-packages\\torch\\_library\\abstract_impl.py', reloading
2024-08-13 17:58:00,192 - INFO -  * Detected change in 'C:\\Users\\vishv\\AppData\\Local\\Programs\\Python\\Python311\\Lib\\contextlib.py', reloading
2024-08-13 17:58:02,146 - INFO -  * Restarting with watchdog (windowsapi)
2024-08-13 17:58:12,968 - INFO - Model loaded successfully.
2024-08-13 17:58:13,405 - INFO - Model loaded successfully.
2024-08-13 17:58:13,478 - INFO - Model loaded successfully.
2024-08-13 17:58:13,486 - INFO - Model loaded successfully.
2024-08-13 17:58:14,432 - INFO - Use pytorch device_name: cpu
2024-08-13 17:58:14,432 - INFO - Load pretrained SentenceTransformer: all-MiniLM-L6-v2
2024-08-13 17:58:16,141 - INFO - Model loaded successfully.
2024-08-13 17:58:16,150 - WARNING -  * Debugger is active!
2024-08-13 17:58:16,150 - INFO -  * Debugger PIN: 348-548-431
2024-08-13 17:58:17,681 - INFO - 127.0.0.1 - - [13/Aug/2024 17:58:17] "POST /api/get_answer HTTP/1.1" 200 -
2024-08-13 17:58:45,067 - INFO - 127.0.0.1 - - [13/Aug/2024 17:58:45] "POST /api/get_answer HTTP/1.1" 200 -
2024-08-13 17:59:08,725 - INFO - 127.0.0.1 - - [13/Aug/2024 17:59:08] "POST /api/get_answer HTTP/1.1" 200 -
2024-08-13 17:59:26,173 - INFO - 127.0.0.1 - - [13/Aug/2024 17:59:26] "POST /api/get_answer HTTP/1.1" 200 -
2024-08-13 17:59:50,897 - INFO - 127.0.0.1 - - [13/Aug/2024 17:59:50] "POST /api/get_answer HTTP/1.1" 200 -
2024-08-13 18:00:38,879 - INFO - 127.0.0.1 - - [13/Aug/2024 18:00:38] "POST /api/get_answer HTTP/1.1" 200 -
2024-08-13 18:01:01,490 - INFO - 127.0.0.1 - - [13/Aug/2024 18:01:01] "POST /api/get_answer HTTP/1.1" 200 -
2024-08-13 18:01:17,402 - INFO - 127.0.0.1 - - [13/Aug/2024 18:01:17] "POST /api/get_answer HTTP/1.1" 200 -
2024-08-13 18:08:13,855 - INFO - 127.0.0.1 - - [13/Aug/2024 18:08:13] "POST /api/calorie_maintenance HTTP/1.1" 200 -
2024-08-14 21:27:59,112 - INFO - Model loaded successfully.
2024-08-14 21:27:59,153 - INFO - Model loaded successfully.
2024-08-14 21:27:59,168 - INFO - Model loaded successfully.
2024-08-14 21:27:59,188 - INFO - Model loaded successfully.
2024-08-14 21:28:01,201 - INFO - Use pytorch device_name: cpu
2024-08-14 21:28:01,201 - INFO - Load pretrained SentenceTransformer: all-MiniLM-L6-v2
2024-08-14 21:28:17,921 - INFO - Model loaded successfully.
2024-08-14 21:28:17,943 - INFO - [31m[1mWARNING: This is a development server. Do not use it in a production deployment. Use a production WSGI server instead.[0m
 * Running on http://127.0.0.1:5000
2024-08-14 21:28:17,943 - INFO - [33mPress CTRL+C to quit[0m
2024-08-14 21:28:17,949 - INFO -  * Restarting with watchdog (inotify)
2024-08-14 21:28:27,187 - INFO - Model loaded successfully.
2024-08-14 21:28:27,202 - INFO - Model loaded successfully.
2024-08-14 21:28:27,205 - INFO - Model loaded successfully.
2024-08-14 21:28:27,215 - INFO - Model loaded successfully.
2024-08-14 21:28:28,912 - INFO - Use pytorch device_name: cpu
2024-08-14 21:28:28,912 - INFO - Load pretrained SentenceTransformer: all-MiniLM-L6-v2
2024-08-15 00:38:06,036 - INFO - Model loaded successfully.
2024-08-15 00:38:06,624 - INFO - Model loaded successfully.
2024-08-15 00:38:06,631 - INFO - Model loaded successfully.
2024-08-15 00:38:06,638 - INFO - Model loaded successfully.
2024-08-15 00:38:07,197 - INFO - Use pytorch device_name: cpu
2024-08-15 00:38:07,198 - INFO - Load pretrained SentenceTransformer: all-MiniLM-L6-v2
2024-08-15 00:38:08,639 - INFO - Model loaded successfully.
2024-08-15 00:38:08,663 - INFO - [31m[1mWARNING: This is a development server. Do not use it in a production deployment. Use a production WSGI server instead.[0m
 * Running on http://127.0.0.1:5000
2024-08-15 00:38:08,663 - INFO - [33mPress CTRL+C to quit[0m
2024-08-15 00:38:08,673 - INFO -  * Restarting with watchdog (windowsapi)
2024-08-15 00:38:15,884 - INFO - Model loaded successfully.
2024-08-15 00:38:16,144 - INFO - Model loaded successfully.
2024-08-15 00:38:16,144 - INFO - Model loaded successfully.
2024-08-15 00:38:16,146 - INFO - Model loaded successfully.
2024-08-15 00:38:16,547 - INFO - Use pytorch device_name: cpu
2024-08-15 00:38:16,547 - INFO - Load pretrained SentenceTransformer: all-MiniLM-L6-v2
2024-08-15 00:38:17,564 - INFO - Model loaded successfully.
2024-08-15 00:38:17,571 - WARNING -  * Debugger is active!
2024-08-15 00:38:17,573 - INFO -  * Debugger PIN: 139-516-724
2024-08-15 00:38:21,074 - INFO -  * Detected change in 'C:\\Users\\vishv\\OneDrive\\Documents\\AIML\\ML_Framework\\CSCN8010-Mycopy\\venv\\tensorflow_cpu\\Lib\\site-packages\\streamlit\\env_util.py', reloading
2024-08-15 00:38:21,087 - INFO -  * Detected change in 'C:\\Users\\vishv\\OneDrive\\Documents\\AIML\\ML_Framework\\CSCN8010-Mycopy\\venv\\tensorflow_cpu\\Lib\\site-packages\\streamlit\\delta_generator.py', reloading
2024-08-15 00:38:21,099 - INFO -  * Detected change in 'C:\\Users\\vishv\\OneDrive\\Documents\\AIML\\ML_Framework\\CSCN8010-Mycopy\\venv\\tensorflow_cpu\\Lib\\site-packages\\streamlit\\elements\\heading.py', reloading
2024-08-15 00:38:21,111 - INFO -  * Detected change in 'C:\\Users\\vishv\\OneDrive\\Documents\\AIML\\ML_Framework\\CSCN8010-Mycopy\\venv\\tensorflow_cpu\\Lib\\site-packages\\streamlit\\runtime\\metrics_util.py', reloading
2024-08-15 00:38:21,120 - INFO -  * Detected change in 'C:\\Users\\vishv\\OneDrive\\Documents\\AIML\\ML_Framework\\CSCN8010-Mycopy\\venv\\tensorflow_cpu\\Lib\\site-packages\\streamlit\\runtime\\scriptrunner\\script_runner.py', reloading
2024-08-15 00:38:21,129 - INFO -  * Detected change in 'C:\\Users\\vishv\\AppData\\Local\\Programs\\Python\\Python311\\Lib\\threading.py', reloading
2024-08-15 00:38:22,461 - INFO -  * Restarting with watchdog (windowsapi)
2024-08-15 00:38:29,336 - INFO - Model loaded successfully.
2024-08-15 00:38:29,586 - INFO - Model loaded successfully.
2024-08-15 00:38:29,587 - INFO - Model loaded successfully.
2024-08-15 00:38:29,589 - INFO - Model loaded successfully.
2024-08-15 00:38:29,947 - INFO - Use pytorch device_name: cpu
2024-08-15 00:38:29,947 - INFO - Load pretrained SentenceTransformer: all-MiniLM-L6-v2
2024-08-15 00:38:31,156 - INFO - Model loaded successfully.
2024-08-15 00:38:31,166 - WARNING -  * Debugger is active!
2024-08-15 00:38:31,171 - INFO -  * Debugger PIN: 139-516-724
2024-08-16 11:00:30,599 - INFO - Model loaded successfully.
2024-08-16 11:00:31,124 - INFO - Model loaded successfully.
2024-08-16 11:00:31,130 - INFO - Model loaded successfully.
2024-08-16 11:00:31,138 - INFO - Model loaded successfully.
2024-08-16 11:00:31,709 - INFO - Use pytorch device_name: cpu
2024-08-16 11:00:31,709 - INFO - Load pretrained SentenceTransformer: all-MiniLM-L6-v2
2024-08-16 11:00:33,416 - INFO - Model loaded successfully.
2024-08-16 11:00:33,437 - INFO - [31m[1mWARNING: This is a development server. Do not use it in a production deployment. Use a production WSGI server instead.[0m
 * Running on http://127.0.0.1:5000
2024-08-16 11:00:33,437 - INFO - [33mPress CTRL+C to quit[0m
2024-08-16 11:00:33,450 - INFO -  * Restarting with watchdog (windowsapi)
2024-08-16 11:00:40,976 - INFO - Model loaded successfully.
2024-08-16 11:00:41,296 - INFO - Model loaded successfully.
2024-08-16 11:00:41,297 - INFO - Model loaded successfully.
2024-08-16 11:00:41,301 - INFO - Model loaded successfully.
2024-08-16 11:00:41,885 - INFO - Use pytorch device_name: cpu
2024-08-16 11:00:41,885 - INFO - Load pretrained SentenceTransformer: all-MiniLM-L6-v2
2024-08-16 11:00:43,178 - INFO - Model loaded successfully.
2024-08-16 11:00:43,186 - WARNING -  * Debugger is active!
2024-08-16 11:00:43,188 - INFO -  * Debugger PIN: 348-548-431
2024-08-16 11:00:53,787 - INFO -  * Detected change in 'C:\\Users\\vishv\\OneDrive\\Documents\\AIML\\ML_Framework\\CSCN8010-Mycopy\\venv\\tensorflow_cpu\\Lib\\site-packages\\streamlit\\env_util.py', reloading
2024-08-16 11:00:53,797 - INFO -  * Detected change in 'C:\\Users\\vishv\\OneDrive\\Documents\\AIML\\ML_Framework\\CSCN8010-Mycopy\\venv\\tensorflow_cpu\\Lib\\site-packages\\streamlit\\runtime\\scriptrunner\\script_runner.py', reloading
2024-08-16 11:00:53,806 - INFO -  * Detected change in 'C:\\Users\\vishv\\AppData\\Local\\Programs\\Python\\Python311\\Lib\\threading.py', reloading
2024-08-16 11:00:56,143 - INFO -  * Restarting with watchdog (windowsapi)
2024-08-16 11:01:13,821 - INFO - Model loaded successfully.
2024-08-16 11:01:14,091 - INFO - Model loaded successfully.
2024-08-16 11:01:14,097 - INFO - Model loaded successfully.
2024-08-16 11:01:14,107 - INFO - Model loaded successfully.
2024-08-16 11:01:14,684 - INFO - Use pytorch device_name: cpu
2024-08-16 11:01:14,684 - INFO - Load pretrained SentenceTransformer: all-MiniLM-L6-v2
2024-08-16 11:01:16,147 - INFO - Model loaded successfully.
2024-08-16 11:01:16,156 - WARNING -  * Debugger is active!
2024-08-16 11:01:16,158 - INFO -  * Debugger PIN: 348-548-431
2024-08-16 11:01:16,392 - INFO - 127.0.0.1 - - [16/Aug/2024 11:01:16] "POST /api/is_heart HTTP/1.1" 200 -
2024-08-16 11:01:45,668 - INFO - 127.0.0.1 - - [16/Aug/2024 11:01:45] "POST /api/is_diabetes HTTP/1.1" 200 -
2024-08-16 11:02:17,789 - INFO -  * Detected change in 'C:\\Users\\vishv\\OneDrive\\Documents\\AIML\\ML_Framework\\CSCN8010-Mycopy\\venv\\tensorflow_cpu\\Lib\\site-packages\\torch\\_dynamo\\config.py', reloading
2024-08-16 11:02:17,836 - INFO -  * Detected change in 'C:\\Users\\vishv\\OneDrive\\Documents\\AIML\\ML_Framework\\CSCN8010-Mycopy\\venv\\tensorflow_cpu\\Lib\\site-packages\\torch\\_functorch\\config.py', reloading
2024-08-16 11:02:17,850 - INFO -  * Detected change in 'C:\\Users\\vishv\\OneDrive\\Documents\\AIML\\ML_Framework\\CSCN8010-Mycopy\\venv\\tensorflow_cpu\\Lib\\site-packages\\torch\\_inductor\\test_operators.py', reloading
2024-08-16 11:02:18,097 - INFO -  * Detected change in 'C:\\Users\\vishv\\OneDrive\\Documents\\AIML\\ML_Framework\\CSCN8010-Mycopy\\venv\\tensorflow_cpu\\Lib\\site-packages\\torch\\_inductor\\config.py', reloading
2024-08-16 11:02:18,165 - INFO -  * Detected change in 'C:\\Users\\vishv\\OneDrive\\Documents\\AIML\\ML_Framework\\CSCN8010-Mycopy\\venv\\tensorflow_cpu\\Lib\\site-packages\\torch\\distributed\\_functional_collectives.py', reloading
2024-08-16 11:02:18,336 - INFO -  * Detected change in 'C:\\Users\\vishv\\OneDrive\\Documents\\AIML\\ML_Framework\\CSCN8010-Mycopy\\venv\\tensorflow_cpu\\Lib\\site-packages\\torch\\_library\\abstract_impl.py', reloading
2024-08-16 11:02:18,592 - INFO - 127.0.0.1 - - [16/Aug/2024 11:02:18] "POST /api/get_answer HTTP/1.1" 200 -
2024-08-16 11:02:19,972 - INFO -  * Restarting with watchdog (windowsapi)
2024-08-16 11:02:29,226 - INFO - Model loaded successfully.
2024-08-16 11:02:29,480 - INFO - Model loaded successfully.
2024-08-16 11:02:29,481 - INFO - Model loaded successfully.
2024-08-16 11:02:29,484 - INFO - Model loaded successfully.
2024-08-16 11:02:30,072 - INFO - Use pytorch device_name: cpu
2024-08-16 11:02:30,072 - INFO - Load pretrained SentenceTransformer: all-MiniLM-L6-v2
2024-08-16 11:02:31,484 - INFO - Model loaded successfully.
2024-08-16 11:02:31,492 - WARNING -  * Debugger is active!
2024-08-16 11:02:31,494 - INFO -  * Debugger PIN: 348-548-431
2024-08-16 11:03:13,034 - INFO -  * Detected change in 'c:\\Users\\vishv\\OneDrive\\Documents\\AIML_2\\Project\\frontend\\interface.py', reloading
2024-08-16 11:03:13,034 - INFO -  * Detected change in 'c:\\Users\\vishv\\OneDrive\\Documents\\AIML_2\\Project\\frontend\\interface.py', reloading
2024-08-16 11:03:13,034 - INFO -  * Detected change in 'c:\\Users\\vishv\\OneDrive\\Documents\\AIML_2\\Project\\frontend\\interface.py', reloading
2024-08-16 11:03:15,446 - INFO -  * Restarting with watchdog (windowsapi)
2024-08-16 11:03:24,380 - INFO - Model loaded successfully.
2024-08-16 11:03:24,614 - INFO - Model loaded successfully.
2024-08-16 11:03:24,615 - INFO - Model loaded successfully.
2024-08-16 11:03:24,617 - INFO - Model loaded successfully.
2024-08-16 11:03:24,997 - INFO - Use pytorch device_name: cpu
2024-08-16 11:03:24,997 - INFO - Load pretrained SentenceTransformer: all-MiniLM-L6-v2
2024-08-16 11:03:26,140 - INFO - Model loaded successfully.
2024-08-16 11:03:26,148 - WARNING -  * Debugger is active!
2024-08-16 11:03:26,150 - INFO -  * Debugger PIN: 348-548-431
2024-08-16 11:03:37,502 - INFO -  * Detected change in 'c:\\Users\\vishv\\OneDrive\\Documents\\AIML_2\\Project\\frontend\\interface.py', reloading
2024-08-16 11:03:37,502 - INFO -  * Detected change in 'c:\\Users\\vishv\\OneDrive\\Documents\\AIML_2\\Project\\frontend\\interface.py', reloading
2024-08-16 11:03:37,502 - INFO -  * Detected change in 'c:\\Users\\vishv\\OneDrive\\Documents\\AIML_2\\Project\\frontend\\interface.py', reloading
2024-08-16 11:03:37,503 - INFO -  * Detected change in 'c:\\Users\\vishv\\OneDrive\\Documents\\AIML_2\\Project\\frontend\\interface.py', reloading
2024-08-16 11:03:39,063 - INFO -  * Restarting with watchdog (windowsapi)
2024-08-16 11:03:46,170 - INFO - Model loaded successfully.
2024-08-16 11:03:46,414 - INFO - Model loaded successfully.
2024-08-16 11:03:46,414 - INFO - Model loaded successfully.
2024-08-16 11:03:46,416 - INFO - Model loaded successfully.
2024-08-16 11:03:46,764 - INFO - Use pytorch device_name: cpu
2024-08-16 11:03:46,764 - INFO - Load pretrained SentenceTransformer: all-MiniLM-L6-v2
2024-08-16 11:03:47,860 - INFO - Model loaded successfully.
2024-08-16 11:03:47,870 - WARNING -  * Debugger is active!
2024-08-16 11:03:47,872 - INFO -  * Debugger PIN: 348-548-431
2024-08-16 11:03:50,324 - INFO -  * Detected change in 'c:\\Users\\vishv\\OneDrive\\Documents\\AIML_2\\Project\\frontend\\interface.py', reloading
2024-08-16 11:03:50,325 - INFO -  * Detected change in 'c:\\Users\\vishv\\OneDrive\\Documents\\AIML_2\\Project\\frontend\\interface.py', reloading
2024-08-16 11:03:50,325 - INFO -  * Detected change in 'c:\\Users\\vishv\\OneDrive\\Documents\\AIML_2\\Project\\frontend\\interface.py', reloading
2024-08-16 11:03:50,325 - INFO -  * Detected change in 'c:\\Users\\vishv\\OneDrive\\Documents\\AIML_2\\Project\\frontend\\interface.py', reloading
2024-08-16 11:03:51,516 - INFO -  * Restarting with watchdog (windowsapi)
2024-08-16 11:03:58,396 - INFO - Model loaded successfully.
2024-08-16 11:03:58,611 - INFO - Model loaded successfully.
2024-08-16 11:03:58,612 - INFO - Model loaded successfully.
2024-08-16 11:03:58,613 - INFO - Model loaded successfully.
2024-08-16 11:03:58,936 - INFO - Use pytorch device_name: cpu
2024-08-16 11:03:58,936 - INFO - Load pretrained SentenceTransformer: all-MiniLM-L6-v2
2024-08-16 11:03:59,946 - INFO - Model loaded successfully.
2024-08-16 11:03:59,954 - WARNING -  * Debugger is active!
2024-08-16 11:03:59,956 - INFO -  * Debugger PIN: 348-548-431
2024-08-16 11:04:00,923 - INFO - 127.0.0.1 - - [16/Aug/2024 11:04:00] "POST /api/get_answer HTTP/1.1" 200 -
2024-08-16 11:04:12,926 - INFO - 127.0.0.1 - - [16/Aug/2024 11:04:12] "POST /api/calorie_maintenance HTTP/1.1" 200 -
2024-08-16 15:37:31,391 - INFO - Model loaded successfully.
2024-08-16 15:37:31,406 - INFO - Model loaded successfully.
2024-08-16 15:37:31,410 - INFO - Model loaded successfully.
2024-08-16 15:37:31,422 - INFO - Model loaded successfully.
2024-08-16 15:37:33,420 - INFO - Use pytorch device_name: cpu
2024-08-16 15:37:33,421 - INFO - Load pretrained SentenceTransformer: all-MiniLM-L6-v2
2024-08-16 15:37:46,895 - INFO - Model loaded successfully.
2024-08-16 15:37:46,912 - INFO - [31m[1mWARNING: This is a development server. Do not use it in a production deployment. Use a production WSGI server instead.[0m
 * Running on http://127.0.0.1:5000
2024-08-16 15:37:46,913 - INFO - [33mPress CTRL+C to quit[0m
2024-08-16 15:37:46,916 - INFO -  * Restarting with watchdog (inotify)
2024-08-16 15:37:56,282 - INFO - Model loaded successfully.
2024-08-16 15:37:56,294 - INFO - Model loaded successfully.
2024-08-16 15:37:56,297 - INFO - Model loaded successfully.
2024-08-16 15:37:56,304 - INFO - Model loaded successfully.
2024-08-16 15:37:57,979 - INFO - Use pytorch device_name: cpu
2024-08-16 15:37:57,979 - INFO - Load pretrained SentenceTransformer: all-MiniLM-L6-v2
2024-08-16 15:37:59,725 - INFO - Model loaded successfully.
2024-08-16 15:37:59,737 - WARNING -  * Debugger is active!
2024-08-16 15:37:59,805 - INFO -  * Debugger PIN: 318-219-712
2024-08-16 15:38:01,094 - INFO - 127.0.0.1 - - [16/Aug/2024 15:38:01] "POST /api/is_diabetes HTTP/1.1" 200 -
2024-08-16 15:38:12,120 - INFO - 127.0.0.1 - - [16/Aug/2024 15:38:12] "POST /api/get_answer HTTP/1.1" 200 -
2024-08-16 15:38:15,784 - INFO - 127.0.0.1 - - [16/Aug/2024 15:38:15] "POST /api/calorie_maintenance HTTP/1.1" 200 -
2024-08-16 15:38:21,934 - INFO - 127.0.0.1 - - [16/Aug/2024 15:38:21] "POST /api/is_heart HTTP/1.1" 200 -
2024-08-16 16:15:18,475 - INFO - Model loaded successfully.
2024-08-16 16:15:18,490 - INFO - Model loaded successfully.
2024-08-16 16:15:18,494 - INFO - Model loaded successfully.
2024-08-16 16:15:18,505 - INFO - Model loaded successfully.
2024-08-16 16:15:20,508 - INFO - Use pytorch device_name: cpu
2024-08-16 16:15:20,508 - INFO - Load pretrained SentenceTransformer: all-MiniLM-L6-v2
2024-08-16 16:15:31,983 - INFO - Model loaded successfully.
2024-08-16 16:15:31,997 - INFO - [31m[1mWARNING: This is a development server. Do not use it in a production deployment. Use a production WSGI server instead.[0m
 * Running on http://127.0.0.1:5000
2024-08-16 16:15:31,998 - INFO - [33mPress CTRL+C to quit[0m
2024-08-16 16:15:32,001 - INFO -  * Restarting with watchdog (inotify)
2024-08-16 16:15:40,833 - INFO - Model loaded successfully.
2024-08-16 16:15:40,844 - INFO - Model loaded successfully.
2024-08-16 16:15:40,847 - INFO - Model loaded successfully.
2024-08-16 16:15:40,855 - INFO - Model loaded successfully.
2024-08-16 16:15:42,487 - INFO - Use pytorch device_name: cpu
2024-08-16 16:15:42,488 - INFO - Load pretrained SentenceTransformer: all-MiniLM-L6-v2
2024-08-16 16:15:44,376 - INFO - Model loaded successfully.
2024-08-16 16:15:44,391 - WARNING -  * Debugger is active!
2024-08-16 16:15:44,392 - INFO -  * Debugger PIN: 108-452-318
2024-08-16 16:15:45,399 - INFO - 127.0.0.1 - - [16/Aug/2024 16:15:45] "POST /api/is_diabetes HTTP/1.1" 200 -
2024-08-16 16:15:58,278 - INFO - 127.0.0.1 - - [16/Aug/2024 16:15:58] "POST /api/is_heart HTTP/1.1" 200 -
2024-08-16 16:16:11,676 - INFO - 127.0.0.1 - - [16/Aug/2024 16:16:11] "POST /api/get_answer HTTP/1.1" 200 -
2024-08-16 16:16:15,263 - INFO - 127.0.0.1 - - [16/Aug/2024 16:16:15] "POST /api/calorie_maintenance HTTP/1.1" 200 -
2024-09-10 13:06:06,036 - INFO - Model loaded successfully.
2024-09-10 13:06:07,051 - INFO - Model loaded successfully.
2024-09-10 13:06:07,067 - INFO - Model loaded successfully.
2024-09-10 13:06:07,083 - INFO - Model loaded successfully.
2024-09-10 13:06:08,148 - INFO - Use pytorch device_name: cpu
2024-09-10 13:06:08,148 - INFO - Load pretrained SentenceTransformer: all-MiniLM-L6-v2
2024-09-10 13:06:17,275 - INFO - Model loaded successfully.
2024-09-10 13:06:17,310 - INFO - [31m[1mWARNING: This is a development server. Do not use it in a production deployment. Use a production WSGI server instead.[0m
 * Running on http://127.0.0.1:5000
2024-09-10 13:06:17,319 - INFO - [33mPress CTRL+C to quit[0m
2024-09-10 13:06:17,340 - INFO -  * Restarting with watchdog (windowsapi)
2024-09-10 13:06:30,842 - INFO - Model loaded successfully.
2024-09-10 13:06:31,276 - INFO - Model loaded successfully.
2024-09-10 13:06:31,276 - INFO - Model loaded successfully.
2024-09-10 13:06:31,276 - INFO - Model loaded successfully.
2024-09-10 13:06:32,055 - INFO - Use pytorch device_name: cpu
2024-09-10 13:06:32,055 - INFO - Load pretrained SentenceTransformer: all-MiniLM-L6-v2
2024-09-10 13:06:35,366 - INFO - Model loaded successfully.
2024-09-10 13:06:35,376 - WARNING -  * Debugger is active!
2024-09-10 13:06:35,376 - INFO -  * Debugger PIN: 792-265-632
2024-09-10 13:07:59,181 - INFO -  * Detected change in 'C:\\Users\\vishv\\OneDrive\\Documents\\AIML\\ML_Framework\\CSCN8010-Mycopy\\venv\\tensorflow_cpu\\Lib\\site-packages\\streamlit\\__init__.py', reloading
2024-09-10 13:07:59,288 - INFO -  * Detected change in 'C:\\Users\\vishv\\OneDrive\\Documents\\AIML\\ML_Framework\\CSCN8010-Mycopy\\venv\\tensorflow_cpu\\Lib\\site-packages\\streamlit\\elements\\alert.py', reloading
2024-09-10 13:07:59,321 - INFO -  * Detected change in 'C:\\Users\\vishv\\OneDrive\\Documents\\AIML\\ML_Framework\\CSCN8010-Mycopy\\venv\\tensorflow_cpu\\Lib\\site-packages\\streamlit\\elements\\balloons.py', reloading
2024-09-10 13:07:59,336 - INFO -  * Detected change in 'C:\\Users\\vishv\\OneDrive\\Documents\\AIML\\ML_Framework\\CSCN8010-Mycopy\\venv\\tensorflow_cpu\\Lib\\site-packages\\streamlit\\elements\\bokeh_chart.py', reloading
2024-09-10 13:07:59,351 - INFO -  * Detected change in 'C:\\Users\\vishv\\OneDrive\\Documents\\AIML\\ML_Framework\\CSCN8010-Mycopy\\venv\\tensorflow_cpu\\Lib\\site-packages\\streamlit\\elements\\widgets\\button.py', reloading
2024-09-10 13:07:59,393 - INFO -  * Detected change in 'C:\\Users\\vishv\\OneDrive\\Documents\\AIML\\ML_Framework\\CSCN8010-Mycopy\\venv\\tensorflow_cpu\\Lib\\site-packages\\streamlit\\elements\\widgets\\camera_input.py', reloading
2024-09-10 13:07:59,419 - INFO -  * Detected change in 'C:\\Users\\vishv\\OneDrive\\Documents\\AIML\\ML_Framework\\CSCN8010-Mycopy\\venv\\tensorflow_cpu\\Lib\\site-packages\\streamlit\\elements\\widgets\\chat.py', reloading
2024-09-10 13:07:59,438 - INFO -  * Detected change in 'C:\\Users\\vishv\\OneDrive\\Documents\\AIML\\ML_Framework\\CSCN8010-Mycopy\\venv\\tensorflow_cpu\\Lib\\site-packages\\streamlit\\elements\\widgets\\checkbox.py', reloading
2024-09-10 13:07:59,466 - INFO -  * Detected change in 'C:\\Users\\vishv\\OneDrive\\Documents\\AIML\\ML_Framework\\CSCN8010-Mycopy\\venv\\tensorflow_cpu\\Lib\\site-packages\\streamlit\\elements\\code.py', reloading
2024-09-10 13:07:59,484 - INFO -  * Detected change in 'C:\\Users\\vishv\\OneDrive\\Documents\\AIML\\ML_Framework\\CSCN8010-Mycopy\\venv\\tensorflow_cpu\\Lib\\site-packages\\streamlit\\elements\\widgets\\color_picker.py', reloading
2024-09-10 13:07:59,503 - INFO -  * Detected change in 'C:\\Users\\vishv\\OneDrive\\Documents\\AIML\\ML_Framework\\CSCN8010-Mycopy\\venv\\tensorflow_cpu\\Lib\\site-packages\\streamlit\\elements\\empty.py', reloading
2024-09-10 13:07:59,533 - INFO -  * Detected change in 'C:\\Users\\vishv\\OneDrive\\Documents\\AIML\\ML_Framework\\CSCN8010-Mycopy\\venv\\tensorflow_cpu\\Lib\\site-packages\\streamlit\\elements\\widgets\\file_uploader.py', reloading
2024-09-10 13:07:59,551 - INFO -  * Detected change in 'C:\\Users\\vishv\\OneDrive\\Documents\\AIML\\ML_Framework\\CSCN8010-Mycopy\\venv\\tensorflow_cpu\\Lib\\site-packages\\streamlit\\elements\\form.py', reloading
2024-09-10 13:07:59,567 - INFO -  * Detected change in 'C:\\Users\\vishv\\OneDrive\\Documents\\AIML\\ML_Framework\\CSCN8010-Mycopy\\venv\\tensorflow_cpu\\Lib\\site-packages\\streamlit\\elements\\graphviz_chart.py', reloading
2024-09-10 13:07:59,599 - INFO -  * Detected change in 'C:\\Users\\vishv\\OneDrive\\Documents\\AIML\\ML_Framework\\CSCN8010-Mycopy\\venv\\tensorflow_cpu\\Lib\\site-packages\\streamlit\\elements\\heading.py', reloading
2024-09-10 13:07:59,617 - INFO -  * Detected change in 'C:\\Users\\vishv\\OneDrive\\Documents\\AIML\\ML_Framework\\CSCN8010-Mycopy\\venv\\tensorflow_cpu\\Lib\\site-packages\\streamlit\\elements\\doc_string.py', reloading
2024-09-10 13:07:59,648 - INFO -  * Detected change in 'C:\\Users\\vishv\\OneDrive\\Documents\\AIML\\ML_Framework\\CSCN8010-Mycopy\\venv\\tensorflow_cpu\\Lib\\site-packages\\streamlit\\elements\\html.py', reloading
2024-09-10 13:07:59,666 - INFO -  * Detected change in 'C:\\Users\\vishv\\OneDrive\\Documents\\AIML\\ML_Framework\\CSCN8010-Mycopy\\venv\\tensorflow_cpu\\Lib\\site-packages\\streamlit\\elements\\iframe.py', reloading
2024-09-10 13:07:59,692 - INFO -  * Detected change in 'C:\\Users\\vishv\\OneDrive\\Documents\\AIML\\ML_Framework\\CSCN8010-Mycopy\\venv\\tensorflow_cpu\\Lib\\site-packages\\streamlit\\elements\\image.py', reloading
2024-09-10 13:07:59,728 - INFO -  * Detected change in 'C:\\Users\\vishv\\OneDrive\\Documents\\AIML\\ML_Framework\\CSCN8010-Mycopy\\venv\\tensorflow_cpu\\Lib\\site-packages\\streamlit\\elements\\layouts.py', reloading
2024-09-10 13:07:59,748 - INFO -  * Detected change in 'C:\\Users\\vishv\\OneDrive\\Documents\\AIML\\ML_Framework\\CSCN8010-Mycopy\\venv\\tensorflow_cpu\\Lib\\site-packages\\streamlit\\elements\\markdown.py', reloading
2024-09-10 13:07:59,764 - INFO -  * Detected change in 'C:\\Users\\vishv\\OneDrive\\Documents\\AIML\\ML_Framework\\CSCN8010-Mycopy\\venv\\tensorflow_cpu\\Lib\\site-packages\\streamlit\\elements\\map.py', reloading
2024-09-10 13:07:59,798 - INFO -  * Detected change in 'C:\\Users\\vishv\\OneDrive\\Documents\\AIML\\ML_Framework\\CSCN8010-Mycopy\\venv\\tensorflow_cpu\\Lib\\site-packages\\streamlit\\elements\\media.py', reloading
2024-09-10 13:07:59,830 - INFO -  * Detected change in 'C:\\Users\\vishv\\OneDrive\\Documents\\AIML\\ML_Framework\\CSCN8010-Mycopy\\venv\\tensorflow_cpu\\Lib\\site-packages\\streamlit\\elements\\metric.py', reloading
2024-09-10 13:07:59,861 - INFO -  * Detected change in 'C:\\Users\\vishv\\OneDrive\\Documents\\AIML\\ML_Framework\\CSCN8010-Mycopy\\venv\\tensorflow_cpu\\Lib\\site-packages\\streamlit\\elements\\widgets\\multiselect.py', reloading
2024-09-10 13:07:59,879 - INFO -  * Detected change in 'C:\\Users\\vishv\\OneDrive\\Documents\\AIML\\ML_Framework\\CSCN8010-Mycopy\\venv\\tensorflow_cpu\\Lib\\site-packages\\streamlit\\elements\\widgets\\number_input.py', reloading
2024-09-10 13:07:59,911 - INFO -  * Detected change in 'C:\\Users\\vishv\\OneDrive\\Documents\\AIML\\ML_Framework\\CSCN8010-Mycopy\\venv\\tensorflow_cpu\\Lib\\site-packages\\streamlit\\elements\\plotly_chart.py', reloading
2024-09-10 13:08:00,019 - INFO -  * Detected change in 'C:\\Users\\vishv\\OneDrive\\Documents\\AIML\\ML_Framework\\CSCN8010-Mycopy\\venv\\tensorflow_cpu\\Lib\\site-packages\\streamlit\\elements\\progress.py', reloading
2024-09-10 13:08:00,037 - INFO -  * Detected change in 'C:\\Users\\vishv\\OneDrive\\Documents\\AIML\\ML_Framework\\CSCN8010-Mycopy\\venv\\tensorflow_cpu\\Lib\\site-packages\\streamlit\\elements\\deck_gl_json_chart.py', reloading
2024-09-10 13:08:00,059 - INFO -  * Detected change in 'C:\\Users\\vishv\\OneDrive\\Documents\\AIML\\ML_Framework\\CSCN8010-Mycopy\\venv\\tensorflow_cpu\\Lib\\site-packages\\streamlit\\elements\\pyplot.py', reloading
2024-09-10 13:08:00,076 - INFO -  * Detected change in 'C:\\Users\\vishv\\OneDrive\\Documents\\AIML\\ML_Framework\\CSCN8010-Mycopy\\venv\\tensorflow_cpu\\Lib\\site-packages\\streamlit\\elements\\widgets\\radio.py', reloading
2024-09-10 13:08:00,105 - INFO -  * Detected change in 'C:\\Users\\vishv\\OneDrive\\Documents\\AIML\\ML_Framework\\CSCN8010-Mycopy\\venv\\tensorflow_cpu\\Lib\\site-packages\\streamlit\\elements\\widgets\\selectbox.py', reloading
2024-09-10 13:08:00,125 - INFO -  * Detected change in 'C:\\Users\\vishv\\OneDrive\\Documents\\AIML\\ML_Framework\\CSCN8010-Mycopy\\venv\\tensorflow_cpu\\Lib\\site-packages\\streamlit\\elements\\widgets\\select_slider.py', reloading
2024-09-10 13:08:00,149 - INFO -  * Detected change in 'C:\\Users\\vishv\\OneDrive\\Documents\\AIML\\ML_Framework\\CSCN8010-Mycopy\\venv\\tensorflow_cpu\\Lib\\site-packages\\streamlit\\elements\\widgets\\slider.py', reloading
2024-09-10 13:08:00,180 - INFO -  * Detected change in 'C:\\Users\\vishv\\OneDrive\\Documents\\AIML\\ML_Framework\\CSCN8010-Mycopy\\venv\\tensorflow_cpu\\Lib\\site-packages\\streamlit\\elements\\snow.py', reloading
2024-09-10 13:08:00,199 - INFO -  * Detected change in 'C:\\Users\\vishv\\OneDrive\\Documents\\AIML\\ML_Framework\\CSCN8010-Mycopy\\venv\\tensorflow_cpu\\Lib\\site-packages\\streamlit\\elements\\json.py', reloading
2024-09-10 13:08:00,215 - INFO -  * Detected change in 'C:\\Users\\vishv\\OneDrive\\Documents\\AIML\\ML_Framework\\CSCN8010-Mycopy\\venv\\tensorflow_cpu\\Lib\\site-packages\\streamlit\\elements\\text.py', reloading
2024-09-10 13:08:00,232 - INFO -  * Detected change in 'C:\\Users\\vishv\\OneDrive\\Documents\\AIML\\ML_Framework\\CSCN8010-Mycopy\\venv\\tensorflow_cpu\\Lib\\site-packages\\streamlit\\elements\\widgets\\text_widgets.py', reloading
2024-09-10 13:08:00,257 - INFO -  * Detected change in 'C:\\Users\\vishv\\OneDrive\\Documents\\AIML\\ML_Framework\\CSCN8010-Mycopy\\venv\\tensorflow_cpu\\Lib\\site-packages\\streamlit\\elements\\widgets\\time_widgets.py', reloading
2024-09-10 13:08:00,289 - INFO -  * Detected change in 'C:\\Users\\vishv\\OneDrive\\Documents\\AIML\\ML_Framework\\CSCN8010-Mycopy\\venv\\tensorflow_cpu\\Lib\\site-packages\\streamlit\\elements\\toast.py', reloading
2024-09-10 13:08:00,305 - INFO -  * Detected change in 'C:\\Users\\vishv\\OneDrive\\Documents\\AIML\\ML_Framework\\CSCN8010-Mycopy\\venv\\tensorflow_cpu\\Lib\\site-packages\\streamlit\\elements\\write.py', reloading
2024-09-10 13:08:00,329 - INFO -  * Detected change in 'C:\\Users\\vishv\\OneDrive\\Documents\\AIML\\ML_Framework\\CSCN8010-Mycopy\\venv\\tensorflow_cpu\\Lib\\site-packages\\streamlit\\elements\\arrow.py', reloading
2024-09-10 13:08:00,371 - INFO -  * Detected change in 'C:\\Users\\vishv\\OneDrive\\Documents\\AIML\\ML_Framework\\CSCN8010-Mycopy\\venv\\tensorflow_cpu\\Lib\\site-packages\\streamlit\\elements\\vega_charts.py', reloading
2024-09-10 13:08:02,509 - INFO -  * Restarting with watchdog (windowsapi)
2024-09-10 13:08:15,649 - INFO - Model loaded successfully.
2024-09-10 13:08:16,028 - INFO - Model loaded successfully.
2024-09-10 13:08:16,043 - INFO - Model loaded successfully.
2024-09-10 13:08:16,043 - INFO - Model loaded successfully.
2024-09-10 13:08:16,625 - INFO - Use pytorch device_name: cpu
2024-09-10 13:08:16,625 - INFO - Load pretrained SentenceTransformer: all-MiniLM-L6-v2
2024-09-10 13:08:18,634 - INFO - Model loaded successfully.
2024-09-10 13:08:18,655 - WARNING -  * Debugger is active!
2024-09-10 13:08:18,661 - INFO -  * Debugger PIN: 792-265-632
2024-09-10 13:08:21,845 - INFO -  * Detected change in 'c:\\Users\\vishv\\OneDrive\\Documents\\AIML_2\\Project\\frontend\\interface.py', reloading
2024-09-10 13:08:21,845 - INFO -  * Detected change in 'c:\\Users\\vishv\\OneDrive\\Documents\\AIML_2\\Project\\frontend\\interface.py', reloading
2024-09-10 13:08:21,845 - INFO -  * Detected change in 'c:\\Users\\vishv\\OneDrive\\Documents\\AIML_2\\Project\\frontend\\interface.py', reloading
2024-09-10 13:08:21,845 - INFO -  * Detected change in 'c:\\Users\\vishv\\OneDrive\\Documents\\AIML_2\\Project\\frontend\\interface.py', reloading
2024-09-10 13:08:25,353 - INFO -  * Restarting with watchdog (windowsapi)
2024-09-10 13:08:38,567 - INFO - Model loaded successfully.
2024-09-10 13:08:38,936 - INFO - Model loaded successfully.
2024-09-10 13:08:38,936 - INFO - Model loaded successfully.
2024-09-10 13:08:38,936 - INFO - Model loaded successfully.
2024-09-10 13:08:39,595 - INFO - Use pytorch device_name: cpu
2024-09-10 13:08:39,595 - INFO - Load pretrained SentenceTransformer: all-MiniLM-L6-v2
2024-09-10 13:08:42,094 - INFO - Model loaded successfully.
2024-09-10 13:08:42,111 - WARNING -  * Debugger is active!
2024-09-10 13:08:42,111 - INFO -  * Debugger PIN: 792-265-632
2024-09-10 13:09:00,118 - INFO -  * Detected change in 'c:\\Users\\vishv\\OneDrive\\Documents\\AIML_2\\Project\\frontend\\interface.py', reloading
2024-09-10 13:09:00,126 - INFO -  * Detected change in 'c:\\Users\\vishv\\OneDrive\\Documents\\AIML_2\\Project\\frontend\\interface.py', reloading
2024-09-10 13:09:00,126 - INFO -  * Detected change in 'c:\\Users\\vishv\\OneDrive\\Documents\\AIML_2\\Project\\frontend\\interface.py', reloading
2024-09-10 13:09:00,126 - INFO -  * Detected change in 'c:\\Users\\vishv\\OneDrive\\Documents\\AIML_2\\Project\\frontend\\interface.py', reloading
2024-09-10 13:09:03,294 - INFO -  * Restarting with watchdog (windowsapi)
2024-09-10 13:09:16,491 - INFO - Model loaded successfully.
2024-09-10 13:09:16,852 - INFO - Model loaded successfully.
2024-09-10 13:09:16,852 - INFO - Model loaded successfully.
2024-09-10 13:09:16,863 - INFO - Model loaded successfully.
2024-09-10 13:09:17,525 - INFO - Use pytorch device_name: cpu
2024-09-10 13:09:17,525 - INFO - Load pretrained SentenceTransformer: all-MiniLM-L6-v2
2024-09-10 13:09:19,607 - INFO - Model loaded successfully.
2024-09-10 13:09:19,627 - WARNING -  * Debugger is active!
2024-09-10 13:09:19,630 - INFO -  * Debugger PIN: 792-265-632
2024-09-10 13:09:39,736 - INFO -  * Detected change in 'c:\\Users\\vishv\\OneDrive\\Documents\\AIML_2\\Project\\frontend\\interface.py', reloading
2024-09-10 13:09:41,737 - INFO -  * Restarting with watchdog (windowsapi)
2024-09-10 13:09:54,679 - INFO - Model loaded successfully.
2024-09-10 13:09:55,048 - INFO - Model loaded successfully.
2024-09-10 13:09:55,053 - INFO - Model loaded successfully.
2024-09-10 13:09:55,053 - INFO - Model loaded successfully.
2024-09-10 13:09:55,656 - INFO - Use pytorch device_name: cpu
2024-09-10 13:09:55,656 - INFO - Load pretrained SentenceTransformer: all-MiniLM-L6-v2
2024-09-10 13:09:57,771 - INFO - Model loaded successfully.
2024-09-10 13:09:57,789 - WARNING -  * Debugger is active!
2024-09-10 13:09:57,789 - INFO -  * Debugger PIN: 792-265-632
2024-09-10 13:10:07,093 - INFO -  * Detected change in 'C:\\Users\\vishv\\OneDrive\\Documents\\AIML\\ML_Framework\\CSCN8010-Mycopy\\venv\\tensorflow_cpu\\Lib\\site-packages\\torch\\_dynamo\\config.py', reloading
2024-09-10 13:10:07,181 - INFO -  * Detected change in 'C:\\Users\\vishv\\OneDrive\\Documents\\AIML\\ML_Framework\\CSCN8010-Mycopy\\venv\\tensorflow_cpu\\Lib\\site-packages\\torch\\_functorch\\config.py', reloading
2024-09-10 13:10:07,205 - INFO -  * Detected change in 'C:\\Users\\vishv\\OneDrive\\Documents\\AIML\\ML_Framework\\CSCN8010-Mycopy\\venv\\tensorflow_cpu\\Lib\\site-packages\\torch\\_inductor\\test_operators.py', reloading
2024-09-10 13:10:09,614 - INFO -  * Restarting with watchdog (windowsapi)
2024-09-10 13:10:22,278 - INFO - Model loaded successfully.
2024-09-10 13:10:22,621 - INFO - Model loaded successfully.
2024-09-10 13:10:22,621 - INFO - Model loaded successfully.
2024-09-10 13:10:22,621 - INFO - Model loaded successfully.
2024-09-10 13:10:23,227 - INFO - Use pytorch device_name: cpu
2024-09-10 13:10:23,227 - INFO - Load pretrained SentenceTransformer: all-MiniLM-L6-v2
2024-09-10 13:10:25,880 - INFO - Model loaded successfully.
2024-09-10 13:10:25,900 - WARNING -  * Debugger is active!
2024-09-10 13:10:25,910 - INFO -  * Debugger PIN: 792-265-632
2024-09-10 13:10:26,789 - INFO -  * Detected change in 'C:\\Users\\vishv\\OneDrive\\Documents\\AIML\\ML_Framework\\CSCN8010-Mycopy\\venv\\tensorflow_cpu\\Lib\\site-packages\\torch\\_inductor\\config.py', reloading
2024-09-10 13:10:26,925 - INFO -  * Detected change in 'C:\\Users\\vishv\\OneDrive\\Documents\\AIML\\ML_Framework\\CSCN8010-Mycopy\\venv\\tensorflow_cpu\\Lib\\site-packages\\torch\\distributed\\_functional_collectives.py', reloading
2024-09-10 13:10:27,327 - INFO -  * Detected change in 'C:\\Users\\vishv\\OneDrive\\Documents\\AIML\\ML_Framework\\CSCN8010-Mycopy\\venv\\tensorflow_cpu\\Lib\\site-packages\\torch\\_library\\abstract_impl.py', reloading
2024-09-10 13:10:27,574 - INFO -  * Detected change in 'C:\\Users\\vishv\\AppData\\Local\\Programs\\Python\\Python311\\Lib\\contextlib.py', reloading
2024-09-10 13:10:27,756 - INFO - 127.0.0.1 - - [10/Sep/2024 13:10:27] "POST /api/get_answer HTTP/1.1" 200 -
2024-09-10 13:10:29,626 - INFO -  * Restarting with watchdog (windowsapi)
2024-09-10 13:10:41,936 - INFO - Model loaded successfully.
2024-09-10 13:10:42,299 - INFO - Model loaded successfully.
2024-09-10 13:10:42,304 - INFO - Model loaded successfully.
2024-09-10 13:10:42,307 - INFO - Model loaded successfully.
2024-09-10 13:10:42,947 - INFO - Use pytorch device_name: cpu
2024-09-10 13:10:42,947 - INFO - Load pretrained SentenceTransformer: all-MiniLM-L6-v2
2024-09-10 13:10:44,933 - INFO - Model loaded successfully.
2024-09-10 13:10:44,943 - WARNING -  * Debugger is active!
2024-09-10 13:10:44,943 - INFO -  * Debugger PIN: 792-265-632
2024-09-10 13:11:02,362 - INFO - 127.0.0.1 - - [10/Sep/2024 13:11:02] "POST /api/calorie_maintenance HTTP/1.1" 200 -
2024-09-10 13:11:07,695 - INFO - 127.0.0.1 - - [10/Sep/2024 13:11:07] "POST /api/is_heart HTTP/1.1" 200 -
2025-01-28 11:19:46,974 - INFO - Model loaded successfully.
2025-01-28 11:19:47,328 - INFO - Model loaded successfully.
2025-01-28 11:19:47,340 - INFO - Model loaded successfully.
2025-01-28 11:19:47,357 - INFO - Model loaded successfully.
2025-01-28 11:19:48,152 - INFO - Use pytorch device_name: cpu
2025-01-28 11:19:48,152 - INFO - Load pretrained SentenceTransformer: all-MiniLM-L6-v2
2025-01-28 11:19:59,986 - INFO - Model loaded successfully.
2025-01-28 11:20:00,030 - INFO - [31m[1mWARNING: This is a development server. Do not use it in a production deployment. Use a production WSGI server instead.[0m
 * Running on http://127.0.0.1:5000
2025-01-28 11:20:00,030 - INFO - [33mPress CTRL+C to quit[0m
2025-01-28 11:20:00,050 - INFO -  * Restarting with watchdog (windowsapi)
2025-01-28 11:20:14,282 - INFO - Model loaded successfully.
2025-01-28 11:20:14,472 - INFO - Model loaded successfully.
2025-01-28 11:20:14,472 - INFO - Model loaded successfully.
2025-01-28 11:20:14,488 - INFO - Model loaded successfully.
2025-01-28 11:20:15,125 - INFO - Use pytorch device_name: cpu
2025-01-28 11:20:15,125 - INFO - Load pretrained SentenceTransformer: all-MiniLM-L6-v2
2025-01-28 11:20:17,678 - INFO - Model loaded successfully.
2025-01-28 11:20:17,682 - WARNING -  * Debugger is active!
2025-01-28 11:20:17,693 - INFO -  * Debugger PIN: 662-879-620
2025-01-28 11:21:04,142 - INFO -  * Detected change in 'C:\\Users\\vishv\\OneDrive\\Documents\\AIML\\ML_Framework\\CSCN8010-Mycopy\\venv\\tensorflow_cpu\\Lib\\site-packages\\streamlit\\env_util.py', reloading
2025-01-28 11:21:04,158 - INFO -  * Detected change in 'C:\\Users\\vishv\\OneDrive\\Documents\\AIML\\ML_Framework\\CSCN8010-Mycopy\\venv\\tensorflow_cpu\\Lib\\site-packages\\streamlit\\runtime\\scriptrunner\\script_runner.py', reloading
2025-01-28 11:21:04,189 - INFO -  * Detected change in 'C:\\Users\\vishv\\AppData\\Local\\Programs\\Python\\Python311\\Lib\\threading.py', reloading
2025-01-28 11:21:06,702 - INFO -  * Restarting with watchdog (windowsapi)
2025-01-28 11:21:20,196 - INFO - Model loaded successfully.
2025-01-28 11:21:20,363 - INFO - Model loaded successfully.
2025-01-28 11:21:20,429 - INFO - Model loaded successfully.
2025-01-28 11:21:20,431 - INFO - Model loaded successfully.
2025-01-28 11:21:21,029 - INFO - Use pytorch device_name: cpu
2025-01-28 11:21:21,029 - INFO - Load pretrained SentenceTransformer: all-MiniLM-L6-v2
2025-01-28 11:21:33,912 - INFO - Model loaded successfully.
2025-01-28 11:21:33,928 - WARNING -  * Debugger is active!
2025-01-28 11:21:33,928 - INFO -  * Debugger PIN: 662-879-620
2025-01-28 11:21:34,466 - INFO -  * Detected change in 'C:\\Users\\vishv\\OneDrive\\Documents\\AIML\\ML_Framework\\CSCN8010-Mycopy\\venv\\tensorflow_cpu\\Lib\\site-packages\\torch\\_dynamo\\config.py', reloading
2025-01-28 11:21:34,538 - INFO -  * Detected change in 'C:\\Users\\vishv\\OneDrive\\Documents\\AIML\\ML_Framework\\CSCN8010-Mycopy\\venv\\tensorflow_cpu\\Lib\\site-packages\\torch\\_functorch\\config.py', reloading
2025-01-28 11:21:34,553 - INFO -  * Detected change in 'C:\\Users\\vishv\\OneDrive\\Documents\\AIML\\ML_Framework\\CSCN8010-Mycopy\\venv\\tensorflow_cpu\\Lib\\site-packages\\torch\\_inductor\\test_operators.py', reloading
2025-01-28 11:21:34,952 - INFO -  * Detected change in 'C:\\Users\\vishv\\OneDrive\\Documents\\AIML\\ML_Framework\\CSCN8010-Mycopy\\venv\\tensorflow_cpu\\Lib\\site-packages\\torch\\_inductor\\config.py', reloading
2025-01-28 11:21:35,077 - INFO -  * Detected change in 'C:\\Users\\vishv\\OneDrive\\Documents\\AIML\\ML_Framework\\CSCN8010-Mycopy\\venv\\tensorflow_cpu\\Lib\\site-packages\\torch\\distributed\\_functional_collectives.py', reloading
2025-01-28 11:21:35,647 - INFO -  * Detected change in 'C:\\Users\\vishv\\OneDrive\\Documents\\AIML\\ML_Framework\\CSCN8010-Mycopy\\venv\\tensorflow_cpu\\Lib\\site-packages\\torch\\_library\\abstract_impl.py', reloading
2025-01-28 11:21:35,826 - INFO -  * Detected change in 'C:\\Users\\vishv\\AppData\\Local\\Programs\\Python\\Python311\\Lib\\contextlib.py', reloading
2025-01-28 11:21:36,003 - INFO - 127.0.0.1 - - [28/Jan/2025 11:21:36] "POST /api/get_answer HTTP/1.1" 200 -
2025-01-28 11:21:37,778 - INFO -  * Restarting with watchdog (windowsapi)
2025-01-28 11:21:51,548 - INFO - Model loaded successfully.
2025-01-28 11:21:51,726 - INFO - Model loaded successfully.
2025-01-28 11:21:51,728 - INFO - Model loaded successfully.
2025-01-28 11:21:51,733 - INFO - Model loaded successfully.
2025-01-28 11:21:52,322 - INFO - Use pytorch device_name: cpu
2025-01-28 11:21:52,322 - INFO - Load pretrained SentenceTransformer: all-MiniLM-L6-v2
2025-01-28 11:22:04,702 - INFO - Model loaded successfully.
2025-01-28 11:22:04,717 - WARNING -  * Debugger is active!
2025-01-28 11:22:04,733 - INFO -  * Debugger PIN: 662-879-620
2025-01-28 11:22:05,238 - INFO - 127.0.0.1 - - [28/Jan/2025 11:22:05] "POST /api/is_heart HTTP/1.1" 200 -
2025-01-28 11:23:12,114 - INFO -  * Detected change in 'C:\\Users\\vishv\\OneDrive\\Documents\\AIML\\ML_Framework\\CSCN8010-Mycopy\\venv\\tensorflow_cpu\\Lib\\site-packages\\keras\\engine\\training.py', reloading
2025-01-28 11:23:13,871 - INFO -  * Restarting with watchdog (windowsapi)
2025-01-28 11:23:28,130 - INFO - Model loaded successfully.
2025-01-28 11:23:28,334 - INFO - Model loaded successfully.
2025-01-28 11:23:28,334 - INFO - Model loaded successfully.
2025-01-28 11:23:28,334 - INFO - Model loaded successfully.
2025-01-28 11:23:28,946 - INFO - Use pytorch device_name: cpu
2025-01-28 11:23:28,946 - INFO - Load pretrained SentenceTransformer: all-MiniLM-L6-v2
2025-01-28 11:23:30,362 - INFO - Model loaded successfully.
2025-01-28 11:23:30,378 - WARNING -  * Debugger is active!
2025-01-28 11:23:30,378 - INFO -  * Debugger PIN: 662-879-620
2025-01-28 11:23:31,381 - INFO - 127.0.0.1 - - [28/Jan/2025 11:23:31] "POST /api/is_lung HTTP/1.1" 200 -
2025-01-28 11:23:59,671 - INFO - 127.0.0.1 - - [28/Jan/2025 11:23:59] "POST /api/get_answer HTTP/1.1" 200 -
2025-04-28 14:20:00,863 - INFO - Model loaded successfully.
2025-04-28 14:20:02,070 - INFO - Model loaded successfully.
2025-04-28 14:20:02,084 - INFO - Model loaded successfully.
2025-04-28 14:20:02,103 - INFO - Model loaded successfully.
2025-04-28 14:20:03,045 - INFO - Use pytorch device_name: cpu
2025-04-28 14:20:03,045 - INFO - Load pretrained SentenceTransformer: all-MiniLM-L6-v2
2025-04-28 14:20:05,290 - WARNING - Xet Storage is enabled for this repo, but the 'hf_xet' package is not installed. Falling back to regular HTTP download. For better performance, install the package with: `pip install huggingface_hub[hf_xet]` or `pip install hf_xet`
2025-04-28 14:20:08,234 - INFO - Model loaded successfully.
2025-04-28 14:20:08,314 - INFO - [31m[1mWARNING: This is a development server. Do not use it in a production deployment. Use a production WSGI server instead.[0m
 * Running on http://127.0.0.1:5000
2025-04-28 14:20:08,314 - INFO - [33mPress CTRL+C to quit[0m
2025-04-28 14:20:08,333 - INFO -  * Restarting with watchdog (windowsapi)
2025-04-28 14:20:26,259 - INFO - Model loaded successfully.
2025-04-28 14:20:26,429 - INFO - Model loaded successfully.
2025-04-28 14:20:26,431 - INFO - Model loaded successfully.
2025-04-28 14:20:26,437 - INFO - Model loaded successfully.
2025-04-28 14:20:27,390 - INFO - Use pytorch device_name: cpu
2025-04-28 14:20:27,390 - INFO - Load pretrained SentenceTransformer: all-MiniLM-L6-v2
2025-04-28 14:20:29,271 - INFO - Model loaded successfully.
2025-04-28 14:20:29,287 - WARNING -  * Debugger is active!
2025-04-28 14:20:29,287 - INFO -  * Debugger PIN: 103-949-951
2025-04-28 14:20:29,722 - INFO - 127.0.0.1 - - [28/Apr/2025 14:20:29] "POST /api/calorie_maintenance HTTP/1.1" 200 -
2025-04-28 14:20:34,788 - INFO - 127.0.0.1 - - [28/Apr/2025 14:20:34] "POST /api/get_answer HTTP/1.1" 200 -
2025-04-28 14:21:12,643 - INFO - 127.0.0.1 - - [28/Apr/2025 14:21:12] "POST /api/is_lung HTTP/1.1" 200 -
2025-04-28 14:21:43,596 - INFO - 127.0.0.1 - - [28/Apr/2025 14:21:43] "POST /api/is_tumor HTTP/1.1" 200 -
2025-04-28 14:21:51,449 - INFO - 127.0.0.1 - - [28/Apr/2025 14:21:51] "POST /api/is_heart HTTP/1.1" 200 -
